
> calculator-thailand@1.0.0 build
> node scripts/generate-release-metadata.mjs && astro build && node scripts/generate-sitemap.mjs

Generated release metadata: public/__release.json
  SHA: ca7e2b5e3793de021470b88e567e1456f419a55b
  Timestamp: 2026-04-27T23:02:26.848Z
06.02.30 [WARN] Unsupported file type C:\Users\Henrik Madsen\.paperclip\instances\default\projects\3fee8de0-ac05-47ee-a8bd-b3b8a17cc09e\7bc34589-7df0-4922-a15b-7effc6367f4d\calculator-thailand\src\pages\b48f107cf34f6dcalcth.txt found. Prefix filename with an underscore (`_`) to ignore.
06.02.30 [types] Generated 197ms
06.02.30 [build] output: "static"
06.02.30 [build] directory: C:\Users\Henrik Madsen\.paperclip\instances\default\projects\3fee8de0-ac05-47ee-a8bd-b3b8a17cc09e\7bc34589-7df0-4922-a15b-7effc6367f4d\calculator-thailand\dist\
06.02.30 [build] Collecting build info...
06.02.30 [build] ✓ Completed in 686ms.
06.02.31 [build] Building static entrypoints...
06.02.51 [ERROR] [vite] [31mx[39m Build failed in 19.30s
[vite]: Rollup failed to resolve import "pg" from "C:/Users/Henrik Madsen/.paperclip/instances/default/projects/3fee8de0-ac05-47ee-a8bd-b3b8a17cc09e/7bc34589-7df0-4922-a15b-7effc6367f4d/calculator-thailand/src/lib/rag-retrieval.ts".
This is most likely unintended because it can break your application at runtime.
If you do want to externalize this module explicitly add it to
`build.rollupOptions.external`
  Stack trace:
    at viteWarn (file:///C:/Users/Henrik%20Madsen/.paperclip/instances/default/projects/3fee8de0-ac05-47ee-a8bd-b3b8a17cc09e/7bc34589-7df0-4922-a15b-7effc6367f4d/calculator-thailand/node_modules/vite/dist/node/chunks/dep-BK3b2jBa.js:65855:17)
    at onwarn (file:///C:/Users/Henrik%20Madsen/.paperclip/instances/default/projects/3fee8de0-ac05-47ee-a8bd-b3b8a17cc09e/7bc34589-7df0-4922-a15b-7effc6367f4d/calculator-thailand/node_modules/vite/dist/node/chunks/dep-BK3b2jBa.js:65550:7)
    at Object.logger [as onLog] (file:///C:/Users/Henrik%20Madsen/.paperclip/instances/default/projects/3fee8de0-ac05-47ee-a8bd-b3b8a17cc09e/7bc34589-7df0-4922-a15b-7effc6367f4d/calculator-thailand/node_modules/rollup/dist/es/shared/node-entry.js:23378:9)
    at file:///C:/Users/Henrik%20Madsen/.paperclip/instances/default/projects/3fee8de0-ac05-47ee-a8bd-b3b8a17cc09e/7bc34589-7df0-4922-a15b-7effc6367f4d/calculator-thailand/node_modules/rollup/dist/es/shared/node-entry.js:22080:26
