
> calculator-thailand@1.0.0 build
> node scripts/generate-release-metadata.mjs && npx astro build && node scripts/generate-sitemap.mjs

Generated release metadata: public/__release.json
  SHA: 7a05f876759be8ba69f43811e19a784170c65525
  Timestamp: 2026-05-03T02:02:46.340Z
09.02.49 [types] Generated 111ms
09.02.49 [build] output: "static"
09.02.49 [build] directory: C:\Users\Henrik Madsen\.paperclip\instances\default\projects\3fee8de0-ac05-47ee-a8bd-b3b8a17cc09e\7bc34589-7df0-4922-a15b-7effc6367f4d\calculator-thailand\dist\
09.02.49 [build] Collecting build info...
09.02.49 [build] ✓ Completed in 383ms.
09.02.49 [build] Building static entrypoints...
09.02.58 [ERROR] [vite] [31mx[39m Build failed in 9.69s
Error [ERR_MODULE_NOT_FOUND]: Cannot find module 'C:\Users\Henrik Madsen\.paperclip\instances\default\projects\3fee8de0-ac05-47ee-a8bd-b3b8a17cc09e\7bc34589-7df0-4922-a15b-7effc6367f4d\calculator-thailand\node_modules\astro\dist\cli\throw-and-exit.js' imported from C:\Users\Henrik Madsen\.paperclip\instances\default\projects\3fee8de0-ac05-47ee-a8bd-b3b8a17cc09e\7bc34589-7df0-4922-a15b-7effc6367f4d\calculator-thailand\node_modules\astro\dist\cli\index.js
    at finalizeResolution (node:internal/modules/esm/resolve:275:11)
    at moduleResolve (node:internal/modules/esm/resolve:865:10)
    at defaultResolve (node:internal/modules/esm/resolve:991:11)
    at #cachedDefaultResolve (node:internal/modules/esm/loader:719:20)
    at #resolveAndMaybeBlockOnLoaderThread (node:internal/modules/esm/loader:736:38)
    at ModuleLoader.resolveSync (node:internal/modules/esm/loader:765:52)
    at #resolve (node:internal/modules/esm/loader:701:17)
    at ModuleLoader.getOrCreateModuleJob (node:internal/modules/esm/loader:621:35)
    at onImport.tracePromise.__proto__ (node:internal/modules/esm/loader:650:32)
    at TracingChannel.tracePromise (node:diagnostics_channel:350:14) {
  code: 'ERR_MODULE_NOT_FOUND',
  url: 'file:///C:/Users/Henrik%20Madsen/.paperclip/instances/default/projects/3fee8de0-ac05-47ee-a8bd-b3b8a17cc09e/7bc34589-7df0-4922-a15b-7effc6367f4d/calculator-thailand/node_modules/astro/dist/cli/throw-and-exit.js'
}
