🚀 CAL-990: TransparencyPanel Deployment Script
📋 Mode: EXECUTE
📊 Sample size: 776 calculators

📁 Found 881 calculator pages
📍 Pages needing TransparencyPanel: 874
✅ Pages already with TransparencyPanel: 7

🎯 Target pages for this run: 776


📊 Deployment Summary
══════════════════════════════════════════════════
✅ Successfully deployed: 772
⏭️  Skipped (already had component): 0
🎯 Total pages in sample: 776
📍 Total calculator pages: 881
🔄 Total remaining for full deploy: 102

✨ Changes committed to disk
  ✓ pages
  ✓ ข้อมูลการเงิน-ประเทศไทย
  ✓ คำนวณ--roi-การลงทุนโรงงาน
  ✓ คำนวณ-acrylic-nail-extension-cost
  ✓ คำนวณ-apr

💡 Next steps:
  1. Run: npm run build (test builds)
  2. QA sample of deployed pages
  3. Run again without --dry-run to deploy to full set
  4. Commit with: git add -A && git commit -m "CAL-990: Deploy TransparencyPanel to all 776 calculators"
