
> calculator-thailand@1.0.0 build
> node scripts/generate-release-metadata.mjs && astro build && node scripts/generate-sitemap.mjs

Generated release metadata: public/__release.json
  SHA: a1142d1852e02a82a1b297ef612736408eb1b598
  Timestamp: 2026-04-29T02:31:34.094Z
09.31.36 [WARN] Unsupported file type C:\Users\Henrik Madsen\.paperclip\instances\default\projects\3fee8de0-ac05-47ee-a8bd-b3b8a17cc09e\7bc34589-7df0-4922-a15b-7effc6367f4d\calculator-thailand\src\pages\b48f107cf34f6dcalcth.txt found. Prefix filename with an underscore (`_`) to ignore.
09.31.36 [types] Generated 72ms
09.31.36 [build] output: "static"
09.31.36 [build] directory: C:\Users\Henrik Madsen\.paperclip\instances\default\projects\3fee8de0-ac05-47ee-a8bd-b3b8a17cc09e\7bc34589-7df0-4922-a15b-7effc6367f4d\calculator-thailand\dist\
09.31.36 [build] Collecting build info...
09.31.36 [build] ✓ Completed in 435ms.
09.31.37 [build] Building static entrypoints...
09.31.50 [ERROR] [vite] [31mx[39m Build failed in 13.12s
Error [ERR_MODULE_NOT_FOUND]: Cannot find module 'C:\Users\Henrik Madsen\.paperclip\instances\default\projects\3fee8de0-ac05-47ee-a8bd-b3b8a17cc09e\7bc34589-7df0-4922-a15b-7effc6367f4d\calculator-thailand\node_modules\astro\dist\cli\throw-and-exit.js' imported from C:\Users\Henrik Madsen\.paperclip\instances\default\projects\3fee8de0-ac05-47ee-a8bd-b3b8a17cc09e\7bc34589-7df0-4922-a15b-7effc6367f4d\calculator-thailand\node_modules\astro\dist\cli\index.js
    at finalizeResolution (node:internal/modules/esm/resolve:275:11)
    at moduleResolve (node:internal/modules/esm/resolve:865:10)
    at defaultResolve (node:internal/modules/esm/resolve:991:11)
    at #cachedDefaultResolve (node:internal/modules/esm/loader:719:20)
    at #resolveAndMaybeBlockOnLoaderThread (node:internal/modules/esm/loader:736:38)
    at ModuleLoader.resolveSync (node:internal/modules/esm/loader:765:52)
    at #resolve (node:internal/modules/esm/loader:701:17)
    at ModuleLoader.getOrCreateModuleJob (node:internal/modules/esm/loader:621:35)
    at onImport.tracePromise.__proto__ (node:internal/modules/esm/loader:650:32)
    at TracingChannel.tracePromise (node:diagnostics_channel:350:14) {
  code: 'ERR_MODULE_NOT_FOUND',
  url: 'file:///C:/Users/Henrik%20Madsen/.paperclip/instances/default/projects/3fee8de0-ac05-47ee-a8bd-b3b8a17cc09e/7bc34589-7df0-4922-a15b-7effc6367f4d/calculator-thailand/node_modules/astro/dist/cli/throw-and-exit.js'
}

> calculator-thailand@1.0.0 build
> node scripts/generate-release-metadata.mjs && astro build && node scripts/generate-sitemap.mjs

Generated release metadata: public/__release.json
  SHA: a1142d1852e02a82a1b297ef612736408eb1b598
  Timestamp: 2026-04-29T02:34:32.343Z
'astro' is not recognized as an internal or external command,
operable program or batch file.
