
> calculator-thailand@1.0.0 build
> node scripts/generate-release-metadata.mjs && astro build && node scripts/generate-sitemap.mjs

Generated release metadata: public/__release.json
  SHA: 57d0cdb64ca4f049f6d540047558f1018f6d3510
  Timestamp: 2026-04-27T20:01:34.842Z
03.01.39 [WARN] Unsupported file type C:\Users\Henrik Madsen\.paperclip\instances\default\projects\3fee8de0-ac05-47ee-a8bd-b3b8a17cc09e\7bc34589-7df0-4922-a15b-7effc6367f4d\calculator-thailand\src\pages\b48f107cf34f6dcalcth.txt found. Prefix filename with an underscore (`_`) to ignore.
03.01.39 [types] Generated 187ms
03.01.39 [build] output: "static"
03.01.39 [build] directory: C:\Users\Henrik Madsen\.paperclip\instances\default\projects\3fee8de0-ac05-47ee-a8bd-b3b8a17cc09e\7bc34589-7df0-4922-a15b-7effc6367f4d\calculator-thailand\dist\
03.01.39 [build] Collecting build info...
03.01.39 [build] ✓ Completed in 787ms.
03.01.40 [build] Building static entrypoints...
03.02.08 [ERROR] [vite] [31mx[39m Build failed in 28.77s
Error [ERR_MODULE_NOT_FOUND]: Cannot find module 'C:\Users\Henrik Madsen\.paperclip\instances\default\projects\3fee8de0-ac05-47ee-a8bd-b3b8a17cc09e\7bc34589-7df0-4922-a15b-7effc6367f4d\calculator-thailand\node_modules\astro\dist\cli\throw-and-exit.js' imported from C:\Users\Henrik Madsen\.paperclip\instances\default\projects\3fee8de0-ac05-47ee-a8bd-b3b8a17cc09e\7bc34589-7df0-4922-a15b-7effc6367f4d\calculator-thailand\node_modules\astro\dist\cli\index.js
    at finalizeResolution (node:internal/modules/esm/resolve:275:11)
    at moduleResolve (node:internal/modules/esm/resolve:865:10)
    at defaultResolve (node:internal/modules/esm/resolve:991:11)
    at #cachedDefaultResolve (node:internal/modules/esm/loader:719:20)
    at #resolveAndMaybeBlockOnLoaderThread (node:internal/modules/esm/loader:736:38)
    at ModuleLoader.resolveSync (node:internal/modules/esm/loader:765:52)
    at #resolve (node:internal/modules/esm/loader:701:17)
    at ModuleLoader.getOrCreateModuleJob (node:internal/modules/esm/loader:621:35)
    at onImport.tracePromise.__proto__ (node:internal/modules/esm/loader:650:32)
    at TracingChannel.tracePromise (node:diagnostics_channel:350:14) {
  code: 'ERR_MODULE_NOT_FOUND',
  url: 'file:///C:/Users/Henrik%20Madsen/.paperclip/instances/default/projects/3fee8de0-ac05-47ee-a8bd-b3b8a17cc09e/7bc34589-7df0-4922-a15b-7effc6367f4d/calculator-thailand/node_modules/astro/dist/cli/throw-and-exit.js'
}
