0 verbose cli C:\Program Files\nodejs\node.exe C:\Program Files\nodejs\node_modules\npm\bin\npm-cli.js
1 info using npm@11.11.0
2 info using node@v24.14.1
3 silly config load:file:C:\Program Files\nodejs\node_modules\npm\npmrc
4 silly config load:file:C:\Users\Henrik Madsen\.paperclip\instances\default\workspaces\***\calculator-thailand\.npmrc
5 silly config load:file:C:\Users\Henrik Madsen\.npmrc
6 silly config load:file:C:\Users\Henrik Madsen\AppData\Roaming\npm\etc\npmrc
7 verbose title npm install
8 verbose argv "install"
9 verbose logfile logs-max:10 dir:C:\Users\Henrik Madsen\.paperclip\instances\default\workspaces\***\calculator-thailand\.npm-cache\_logs\2026-04-28T05_08_20_868Z-
10 verbose logfile C:\Users\Henrik Madsen\.paperclip\instances\default\workspaces\***\calculator-thailand\.npm-cache\_logs\2026-04-28T05_08_20_868Z-debug-0.log
11 silly logfile done cleaning log files
12 silly packumentCache heap:50532974592 maxSize:12633243648 maxEntrySize:6316621824
13 silly idealTree buildDeps
14 silly fetch manifest @sentry/node@^8.0.0
15 silly packumentCache full:https://registry.npmjs.org/@sentry%2fnode cache-miss
16 verbose shrinkwrap failed to load node_modules/.package-lock.json out of date, updated: node_modules
17 http cache https://registry.npmjs.org/@sentry%2fnode 29ms (cache hit)
18 silly packumentCache full:https://registry.npmjs.org/@sentry%2fnode set size:2960914 disposed:false
19 silly placeDep ROOT @sentry/node@8.55.1 OK for: calculator-thailand@1.0.0 want: ^8.0.0
20 silly fetch manifest @sentry/core@8.55.1
21 silly packumentCache full:https://registry.npmjs.org/@sentry%2fcore cache-miss
22 silly fetch manifest @opentelemetry/api@^1.9.0
23 silly packumentCache full:https://registry.npmjs.org/@opentelemetry%2fapi cache-miss
24 silly fetch manifest @opentelemetry/core@^1.30.1
25 silly packumentCache full:https://registry.npmjs.org/@opentelemetry%2fcore cache-miss
26 silly fetch manifest import-in-the-middle@^1.11.2
27 silly packumentCache full:https://registry.npmjs.org/import-in-the-middle cache-miss
28 silly fetch manifest @sentry/opentelemetry@8.55.1
29 silly packumentCache full:https://registry.npmjs.org/@sentry%2fopentelemetry cache-miss
30 silly fetch manifest @prisma/instrumentation@5.22.0
31 silly packumentCache full:https://registry.npmjs.org/@prisma%2finstrumentation cache-miss
32 silly fetch manifest @opentelemetry/resources@^1.30.1
33 silly packumentCache full:https://registry.npmjs.org/@opentelemetry%2fresources cache-miss
34 silly fetch manifest @opentelemetry/sdk-trace-base@^1.30.1
35 silly packumentCache full:https://registry.npmjs.org/@opentelemetry%2fsdk-trace-base cache-miss
36 silly fetch manifest @opentelemetry/instrumentation@^0.57.1
37 silly packumentCache full:https://registry.npmjs.org/@opentelemetry%2finstrumentation cache-miss
38 silly fetch manifest @opentelemetry/instrumentation-fs@0.19.0
39 silly packumentCache full:https://registry.npmjs.org/@opentelemetry%2finstrumentation-fs cache-miss
40 silly fetch manifest @opentelemetry/instrumentation-pg@0.50.0
41 silly packumentCache full:https://registry.npmjs.org/@opentelemetry%2finstrumentation-pg cache-miss
42 silly fetch manifest @opentelemetry/context-async-hooks@^1.30.1
43 silly packumentCache full:https://registry.npmjs.org/@opentelemetry%2fcontext-async-hooks cache-miss
44 silly fetch manifest @opentelemetry/instrumentation-koa@0.47.0
45 silly packumentCache full:https://registry.npmjs.org/@opentelemetry%2finstrumentation-koa cache-miss
46 silly fetch manifest @opentelemetry/instrumentation-hapi@0.45.1
47 silly packumentCache full:https://registry.npmjs.org/@opentelemetry%2finstrumentation-hapi cache-miss
48 silly fetch manifest @opentelemetry/instrumentation-http@0.57.1
49 silly packumentCache full:https://registry.npmjs.org/@opentelemetry%2finstrumentation-http cache-miss
50 http cache https://registry.npmjs.org/@opentelemetry%2fapi 50ms (cache hit)
51 silly packumentCache full:https://registry.npmjs.org/@opentelemetry%2fapi set size:272855 disposed:false
52 silly fetch manifest @opentelemetry/instrumentation-knex@0.44.0
53 silly packumentCache full:https://registry.npmjs.org/@opentelemetry%2finstrumentation-knex cache-miss
54 http cache https://registry.npmjs.org/@opentelemetry%2fcore 56ms (cache hit)
55 silly packumentCache full:https://registry.npmjs.org/@opentelemetry%2fcore set size:816458 disposed:false
56 silly fetch manifest @opentelemetry/semantic-conventions@^1.28.0
57 silly packumentCache full:https://registry.npmjs.org/@opentelemetry%2fsemantic-conventions cache-miss
58 http cache https://registry.npmjs.org/@opentelemetry%2fsdk-trace-base 62ms (cache hit)
59 silly packumentCache full:https://registry.npmjs.org/@opentelemetry%2fsdk-trace-base set size:324423 disposed:false
60 silly fetch manifest @opentelemetry/instrumentation-mysql@0.45.0
61 silly packumentCache full:https://registry.npmjs.org/@opentelemetry%2finstrumentation-mysql cache-miss
62 http cache https://registry.npmjs.org/@sentry%2fopentelemetry 70ms (cache hit)
63 silly packumentCache full:https://registry.npmjs.org/@sentry%2fopentelemetry set size:1062753 disposed:false
64 silly fetch manifest @opentelemetry/instrumentation-mysql2@0.45.0
65 silly packumentCache full:https://registry.npmjs.org/@opentelemetry%2finstrumentation-mysql2 cache-miss
66 http cache https://registry.npmjs.org/import-in-the-middle 78ms (cache hit)
67 silly packumentCache full:https://registry.npmjs.org/import-in-the-middle set size:152397 disposed:false
68 silly fetch manifest @opentelemetry/instrumentation-undici@0.10.0
69 silly packumentCache full:https://registry.npmjs.org/@opentelemetry%2finstrumentation-undici cache-miss
70 http cache https://registry.npmjs.org/@opentelemetry%2fcontext-async-hooks 79ms (cache hit)
71 silly packumentCache full:https://registry.npmjs.org/@opentelemetry%2fcontext-async-hooks set size:451695 disposed:false
72 silly fetch manifest @opentelemetry/instrumentation-amqplib@^0.46.0
73 silly packumentCache full:https://registry.npmjs.org/@opentelemetry%2finstrumentation-amqplib cache-miss
74 http cache https://registry.npmjs.org/@sentry%2fcore 93ms (cache hit)
75 silly packumentCache full:https://registry.npmjs.org/@sentry%2fcore set size:2397046 disposed:false
76 silly fetch manifest @opentelemetry/instrumentation-connect@0.43.0
77 silly packumentCache full:https://registry.npmjs.org/@opentelemetry%2finstrumentation-connect cache-miss
78 http cache https://registry.npmjs.org/@opentelemetry%2finstrumentation-fs 107ms (cache hit)
79 silly packumentCache full:https://registry.npmjs.org/@opentelemetry%2finstrumentation-fs set size:146043 disposed:false
80 silly fetch manifest @opentelemetry/instrumentation-express@0.47.0
81 silly packumentCache full:https://registry.npmjs.org/@opentelemetry%2finstrumentation-express cache-miss
82 http cache https://registry.npmjs.org/@opentelemetry%2finstrumentation 112ms (cache hit)
83 silly packumentCache full:https://registry.npmjs.org/@opentelemetry%2finstrumentation set size:697702 disposed:false
84 silly fetch manifest @opentelemetry/instrumentation-fastify@0.44.1
85 silly packumentCache full:https://registry.npmjs.org/@opentelemetry%2finstrumentation-fastify cache-miss
86 http cache https://registry.npmjs.org/@opentelemetry%2finstrumentation-koa 117ms (cache hit)
87 silly packumentCache full:https://registry.npmjs.org/@opentelemetry%2finstrumentation-koa set size:225803 disposed:false
88 silly fetch manifest @opentelemetry/instrumentation-graphql@0.47.0
89 silly packumentCache full:https://registry.npmjs.org/@opentelemetry%2finstrumentation-graphql cache-miss
90 http cache https://registry.npmjs.org/@opentelemetry%2fresources 124ms (cache hit)
91 silly packumentCache full:https://registry.npmjs.org/@opentelemetry%2fresources set size:720285 disposed:false
92 silly fetch manifest @opentelemetry/instrumentation-ioredis@0.47.0
93 silly packumentCache full:https://registry.npmjs.org/@opentelemetry%2finstrumentation-ioredis cache-miss
94 http cache https://registry.npmjs.org/@prisma%2finstrumentation 153ms (cache hit)
95 silly packumentCache full:https://registry.npmjs.org/@prisma%2finstrumentation set size:16990587 disposed:false
96 silly fetch manifest @opentelemetry/instrumentation-kafkajs@0.7.0
97 silly packumentCache full:https://registry.npmjs.org/@opentelemetry%2finstrumentation-kafkajs cache-miss
98 http cache https://registry.npmjs.org/@opentelemetry%2finstrumentation-hapi 249ms (cache hit)
99 silly packumentCache full:https://registry.npmjs.org/@opentelemetry%2finstrumentation-hapi set size:198065 disposed:false
100 silly fetch manifest @opentelemetry/instrumentation-mongodb@0.51.0
101 silly packumentCache full:https://registry.npmjs.org/@opentelemetry%2finstrumentation-mongodb cache-miss
102 http cache https://registry.npmjs.org/@opentelemetry%2finstrumentation-pg 253ms (cache hit)
103 silly packumentCache full:https://registry.npmjs.org/@opentelemetry%2finstrumentation-pg set size:275711 disposed:false
104 silly fetch manifest @opentelemetry/instrumentation-redis-4@0.46.0
105 silly packumentCache full:https://registry.npmjs.org/@opentelemetry%2finstrumentation-redis-4 cache-miss
106 http cache https://registry.npmjs.org/@opentelemetry%2finstrumentation-http 258ms (cache hit)
107 silly packumentCache full:https://registry.npmjs.org/@opentelemetry%2finstrumentation-http set size:879396 disposed:false
108 silly fetch manifest @opentelemetry/instrumentation-tedious@0.18.0
109 silly packumentCache full:https://registry.npmjs.org/@opentelemetry%2finstrumentation-tedious cache-miss
110 http cache https://registry.npmjs.org/@opentelemetry%2finstrumentation-knex 255ms (cache hit)
111 silly packumentCache full:https://registry.npmjs.org/@opentelemetry%2finstrumentation-knex set size:183148 disposed:false
112 silly fetch manifest @opentelemetry/instrumentation-mongoose@0.46.0
113 silly packumentCache full:https://registry.npmjs.org/@opentelemetry%2finstrumentation-mongoose cache-miss
114 http cache https://registry.npmjs.org/@opentelemetry%2fsemantic-conventions 250ms (cache hit)
115 silly packumentCache full:https://registry.npmjs.org/@opentelemetry%2fsemantic-conventions set size:418065 disposed:false
116 silly fetch manifest @opentelemetry/instrumentation-dataloader@0.16.0
117 silly packumentCache full:https://registry.npmjs.org/@opentelemetry%2finstrumentation-dataloader cache-miss
118 http cache https://registry.npmjs.org/@opentelemetry%2finstrumentation-undici 235ms (cache hit)
119 silly packumentCache full:https://registry.npmjs.org/@opentelemetry%2finstrumentation-undici set size:104702 disposed:false
120 silly fetch manifest @opentelemetry/instrumentation-nestjs-core@0.44.0
121 silly packumentCache full:https://registry.npmjs.org/@opentelemetry%2finstrumentation-nestjs-core cache-miss
122 http cache https://registry.npmjs.org/@opentelemetry%2finstrumentation-mysql 330ms (cache hit)
123 silly packumentCache full:https://registry.npmjs.org/@opentelemetry%2finstrumentation-mysql set size:208801 disposed:false
124 silly fetch manifest @opentelemetry/instrumentation-generic-pool@0.43.0
125 silly packumentCache full:https://registry.npmjs.org/@opentelemetry%2finstrumentation-generic-pool cache-miss
126 http cache https://registry.npmjs.org/@opentelemetry%2finstrumentation-mysql2 322ms (cache hit)
127 silly packumentCache full:https://registry.npmjs.org/@opentelemetry%2finstrumentation-mysql2 set size:212781 disposed:false
128 silly fetch manifest @opentelemetry/instrumentation-lru-memoizer@0.44.0
129 silly packumentCache full:https://registry.npmjs.org/@opentelemetry%2finstrumentation-lru-memoizer cache-miss
130 http cache https://registry.npmjs.org/@opentelemetry%2finstrumentation-amqplib 314ms (cache hit)
131 silly packumentCache full:https://registry.npmjs.org/@opentelemetry%2finstrumentation-amqplib set size:179965 disposed:false
132 http cache https://registry.npmjs.org/@opentelemetry%2finstrumentation-connect 295ms (cache hit)
133 silly packumentCache full:https://registry.npmjs.org/@opentelemetry%2finstrumentation-connect set size:157029 disposed:false
134 http cache https://registry.npmjs.org/@opentelemetry%2finstrumentation-express 294ms (cache hit)
135 silly packumentCache full:https://registry.npmjs.org/@opentelemetry%2finstrumentation-express set size:241246 disposed:false
136 http cache https://registry.npmjs.org/@opentelemetry%2finstrumentation-fastify 288ms (cache hit)
137 silly packumentCache full:https://registry.npmjs.org/@opentelemetry%2finstrumentation-fastify set size:174684 disposed:false
138 http cache https://registry.npmjs.org/@opentelemetry%2finstrumentation-graphql 288ms (cache hit)
139 silly packumentCache full:https://registry.npmjs.org/@opentelemetry%2finstrumentation-graphql set size:236928 disposed:false
140 http cache https://registry.npmjs.org/@opentelemetry%2finstrumentation-kafkajs 278ms (cache hit)
141 silly packumentCache full:https://registry.npmjs.org/@opentelemetry%2finstrumentation-kafkajs set size:104162 disposed:false
142 http cache https://registry.npmjs.org/@opentelemetry%2finstrumentation-ioredis 401ms (cache hit)
143 silly packumentCache full:https://registry.npmjs.org/@opentelemetry%2finstrumentation-ioredis set size:252402 disposed:false
144 http cache https://registry.npmjs.org/@opentelemetry%2finstrumentation-redis-4 314ms (cache hit)
145 silly packumentCache full:https://registry.npmjs.org/@opentelemetry%2finstrumentation-redis-4 set size:138508 disposed:false
146 http cache https://registry.npmjs.org/@opentelemetry%2finstrumentation-mongodb 322ms (cache hit)
147 silly packumentCache full:https://registry.npmjs.org/@opentelemetry%2finstrumentation-mongodb set size:267702 disposed:false
148 http cache https://registry.npmjs.org/@opentelemetry%2finstrumentation-tedious 387ms (cache hit)
149 silly packumentCache full:https://registry.npmjs.org/@opentelemetry%2finstrumentation-tedious set size:169582 disposed:false
150 http cache https://registry.npmjs.org/@opentelemetry%2finstrumentation-mongoose 585ms (cache hit)
151 silly packumentCache full:https://registry.npmjs.org/@opentelemetry%2finstrumentation-mongoose set size:169693 disposed:false
152 http cache https://registry.npmjs.org/@opentelemetry%2finstrumentation-dataloader 582ms (cache hit)
153 silly packumentCache full:https://registry.npmjs.org/@opentelemetry%2finstrumentation-dataloader set size:143218 disposed:false
154 http cache https://registry.npmjs.org/@opentelemetry%2finstrumentation-lru-memoizer 500ms (cache hit)
155 silly packumentCache full:https://registry.npmjs.org/@opentelemetry%2finstrumentation-lru-memoizer set size:142291 disposed:false
156 http cache https://registry.npmjs.org/@opentelemetry%2finstrumentation-nestjs-core 585ms (cache hit)
157 silly packumentCache full:https://registry.npmjs.org/@opentelemetry%2finstrumentation-nestjs-core set size:201490 disposed:false
158 http cache https://registry.npmjs.org/@opentelemetry%2finstrumentation-generic-pool 507ms (cache hit)
159 silly packumentCache full:https://registry.npmjs.org/@opentelemetry%2finstrumentation-generic-pool set size:185442 disposed:false
160 silly placeDep ROOT @opentelemetry/api@1.9.1 OK for: @sentry/node@8.55.1 want: ^1.9.0
161 silly placeDep ROOT @opentelemetry/context-async-hooks@1.30.1 OK for: @sentry/node@8.55.1 want: ^1.30.1
162 silly placeDep ROOT @opentelemetry/core@1.30.1 OK for: @sentry/node@8.55.1 want: ^1.30.1
163 silly placeDep ROOT @opentelemetry/instrumentation@0.57.2 OK for: @sentry/node@8.55.1 want: ^0.57.1
164 silly placeDep ROOT @opentelemetry/instrumentation-amqplib@0.46.1 OK for: @sentry/node@8.55.1 want: ^0.46.0
165 silly placeDep ROOT @opentelemetry/instrumentation-connect@0.43.0 OK for: @sentry/node@8.55.1 want: 0.43.0
166 silly placeDep ROOT @opentelemetry/instrumentation-dataloader@0.16.0 OK for: @sentry/node@8.55.1 want: 0.16.0
167 silly placeDep ROOT @opentelemetry/instrumentation-express@0.47.0 OK for: @sentry/node@8.55.1 want: 0.47.0
168 silly placeDep ROOT @opentelemetry/instrumentation-fastify@0.44.1 OK for: @sentry/node@8.55.1 want: 0.44.1
169 silly placeDep ROOT @opentelemetry/instrumentation-fs@0.19.0 OK for: @sentry/node@8.55.1 want: 0.19.0
170 silly placeDep ROOT @opentelemetry/instrumentation-generic-pool@0.43.0 OK for: @sentry/node@8.55.1 want: 0.43.0
171 silly placeDep ROOT @opentelemetry/instrumentation-graphql@0.47.0 OK for: @sentry/node@8.55.1 want: 0.47.0
172 silly placeDep ROOT @opentelemetry/instrumentation-hapi@0.45.1 OK for: @sentry/node@8.55.1 want: 0.45.1
173 silly placeDep ROOT @opentelemetry/instrumentation-http@0.57.1 OK for: @sentry/node@8.55.1 want: 0.57.1
174 silly placeDep ROOT @opentelemetry/instrumentation-ioredis@0.47.0 OK for: @sentry/node@8.55.1 want: 0.47.0
175 silly placeDep ROOT @opentelemetry/instrumentation-kafkajs@0.7.0 OK for: @sentry/node@8.55.1 want: 0.7.0
176 silly placeDep ROOT @opentelemetry/instrumentation-knex@0.44.0 OK for: @sentry/node@8.55.1 want: 0.44.0
177 silly placeDep ROOT @opentelemetry/instrumentation-koa@0.47.0 OK for: @sentry/node@8.55.1 want: 0.47.0
178 silly placeDep ROOT @opentelemetry/instrumentation-lru-memoizer@0.44.0 OK for: @sentry/node@8.55.1 want: 0.44.0
179 silly placeDep ROOT @opentelemetry/instrumentation-mongodb@0.51.0 OK for: @sentry/node@8.55.1 want: 0.51.0
180 silly placeDep ROOT @opentelemetry/instrumentation-mongoose@0.46.0 OK for: @sentry/node@8.55.1 want: 0.46.0
181 silly placeDep ROOT @opentelemetry/instrumentation-mysql@0.45.0 OK for: @sentry/node@8.55.1 want: 0.45.0
182 silly placeDep ROOT @opentelemetry/instrumentation-mysql2@0.45.0 OK for: @sentry/node@8.55.1 want: 0.45.0
183 silly placeDep ROOT @opentelemetry/instrumentation-nestjs-core@0.44.0 OK for: @sentry/node@8.55.1 want: 0.44.0
184 silly placeDep ROOT @opentelemetry/instrumentation-pg@0.50.0 OK for: @sentry/node@8.55.1 want: 0.50.0
185 silly placeDep ROOT @opentelemetry/instrumentation-redis-4@0.46.0 OK for: @sentry/node@8.55.1 want: 0.46.0
186 silly placeDep ROOT @opentelemetry/instrumentation-tedious@0.18.0 OK for: @sentry/node@8.55.1 want: 0.18.0
187 silly placeDep ROOT @opentelemetry/instrumentation-undici@0.10.0 OK for: @sentry/node@8.55.1 want: 0.10.0
188 silly placeDep ROOT @opentelemetry/resources@1.30.1 OK for: @sentry/node@8.55.1 want: ^1.30.1
189 silly placeDep ROOT @opentelemetry/sdk-trace-base@1.30.1 OK for: @sentry/node@8.55.1 want: ^1.30.1
190 silly placeDep ROOT @opentelemetry/semantic-conventions@1.40.0 OK for: @sentry/node@8.55.1 want: ^1.28.0
191 silly placeDep ROOT @prisma/instrumentation@5.22.0 OK for: @sentry/node@8.55.1 want: 5.22.0
192 silly placeDep ROOT @sentry/core@8.55.1 OK for: @sentry/node@8.55.1 want: 8.55.1
193 silly placeDep ROOT @sentry/opentelemetry@8.55.1 OK for: @sentry/node@8.55.1 want: 8.55.1
194 silly placeDep ROOT import-in-the-middle@1.15.0 OK for: @sentry/node@8.55.1 want: ^1.11.2
195 silly fetch manifest @opentelemetry/semantic-conventions@1.28.0
196 silly packumentCache full:https://registry.npmjs.org/@opentelemetry%2fsemantic-conventions cache-hit
197 silly fetch manifest shimmer@^1.2.1
198 silly packumentCache full:https://registry.npmjs.org/shimmer cache-miss
199 silly fetch manifest @types/shimmer@^1.2.0
200 silly packumentCache full:https://registry.npmjs.org/@types%2fshimmer cache-miss
201 silly fetch manifest import-in-the-middle@^1.8.1
202 silly packumentCache full:https://registry.npmjs.org/import-in-the-middle cache-hit
203 silly fetch manifest require-in-the-middle@^7.1.1
204 silly packumentCache full:https://registry.npmjs.org/require-in-the-middle cache-miss
205 silly fetch manifest @opentelemetry/api-logs@0.57.2
206 silly packumentCache full:https://registry.npmjs.org/@opentelemetry%2fapi-logs cache-miss
207 silly fetch manifest @opentelemetry/semantic-conventions@^1.27.0
208 silly packumentCache full:https://registry.npmjs.org/@opentelemetry%2fsemantic-conventions cache-hit
209 silly fetch manifest @types/connect@3.4.36
210 silly packumentCache full:https://registry.npmjs.org/@types%2fconnect cache-miss
211 silly fetch manifest @opentelemetry/semantic-conventions@^1.27.0
212 silly packumentCache full:https://registry.npmjs.org/@opentelemetry%2fsemantic-conventions cache-hit
213 silly fetch manifest @opentelemetry/semantic-conventions@^1.27.0
214 silly packumentCache full:https://registry.npmjs.org/@opentelemetry%2fsemantic-conventions cache-hit
215 silly fetch manifest @opentelemetry/semantic-conventions@^1.27.0
216 silly packumentCache full:https://registry.npmjs.org/@opentelemetry%2fsemantic-conventions cache-hit
217 silly fetch manifest @opentelemetry/semantic-conventions@^1.27.0
218 silly packumentCache full:https://registry.npmjs.org/@opentelemetry%2fsemantic-conventions cache-hit
219 silly fetch manifest forwarded-parse@2.1.2
220 silly packumentCache full:https://registry.npmjs.org/forwarded-parse cache-miss
221 silly fetch manifest @opentelemetry/instrumentation@0.57.1
222 silly packumentCache full:https://registry.npmjs.org/@opentelemetry%2finstrumentation cache-hit
223 silly fetch manifest @opentelemetry/semantic-conventions@1.28.0
224 silly packumentCache full:https://registry.npmjs.org/@opentelemetry%2fsemantic-conventions cache-hit
225 silly fetch manifest @opentelemetry/redis-common@^0.36.2
226 silly packumentCache full:https://registry.npmjs.org/@opentelemetry%2fredis-common cache-miss
227 silly fetch manifest @types/mysql@2.15.26
228 silly packumentCache full:https://registry.npmjs.org/@types%2fmysql cache-miss
229 silly fetch manifest @opentelemetry/sql-common@^0.40.1
230 silly packumentCache full:https://registry.npmjs.org/@opentelemetry%2fsql-common cache-miss
231 silly fetch manifest @types/pg@8.6.1
232 silly packumentCache full:https://registry.npmjs.org/@types%2fpg cache-miss
233 silly fetch manifest @types/pg-pool@2.0.6
234 silly packumentCache full:https://registry.npmjs.org/@types%2fpg-pool cache-miss
235 silly fetch manifest @opentelemetry/sql-common@^0.40.1
236 silly packumentCache full:https://registry.npmjs.org/@opentelemetry%2fsql-common cache-miss
237 silly fetch manifest @opentelemetry/semantic-conventions@1.27.0
238 silly packumentCache full:https://registry.npmjs.org/@opentelemetry%2fsemantic-conventions cache-hit
239 silly fetch manifest @opentelemetry/redis-common@^0.36.2
240 silly packumentCache full:https://registry.npmjs.org/@opentelemetry%2fredis-common cache-miss
241 silly fetch manifest @types/tedious@^4.0.14
242 silly packumentCache full:https://registry.npmjs.org/@types%2ftedious cache-miss
243 silly fetch manifest @opentelemetry/instrumentation@^0.49 || ^0.50 || ^0.51 || ^0.52.0 || ^0.53.0
244 silly packumentCache full:https://registry.npmjs.org/@opentelemetry%2finstrumentation cache-hit
245 silly fetch manifest cjs-module-lexer@^1.2.2
246 silly packumentCache full:https://registry.npmjs.org/cjs-module-lexer cache-miss
247 http cache https://registry.npmjs.org/shimmer 56ms (cache hit)
248 silly packumentCache full:https://registry.npmjs.org/shimmer set size:22336 disposed:false
249 silly fetch manifest acorn-import-attributes@^1.9.5
250 silly packumentCache full:https://registry.npmjs.org/acorn-import-attributes cache-miss
251 http cache https://registry.npmjs.org/@types%2fshimmer 59ms (cache hit)
252 silly packumentCache full:https://registry.npmjs.org/@types%2fshimmer set size:11935 disposed:false
253 silly fetch manifest module-details-from-path@^1.0.3
254 silly packumentCache full:https://registry.npmjs.org/module-details-from-path cache-miss
255 http cache https://registry.npmjs.org/forwarded-parse 55ms (cache hit)
256 silly packumentCache full:https://registry.npmjs.org/forwarded-parse set size:13968 disposed:false
257 http cache https://registry.npmjs.org/@types%2fconnect 58ms (cache hit)
258 silly packumentCache full:https://registry.npmjs.org/@types%2fconnect set size:31512 disposed:false
259 http cache https://registry.npmjs.org/@types%2fmysql 52ms (cache hit)
260 silly packumentCache full:https://registry.npmjs.org/@types%2fmysql set size:84654 disposed:false
261 http cache https://registry.npmjs.org/@opentelemetry%2fredis-common 56ms (cache hit)
262 silly packumentCache full:https://registry.npmjs.org/@opentelemetry%2fredis-common set size:31766 disposed:false
263 http cache https://registry.npmjs.org/@types%2fpg-pool 54ms (cache hit)
264 silly packumentCache full:https://registry.npmjs.org/@types%2fpg-pool set size:20882 disposed:false
265 http cache https://registry.npmjs.org/@opentelemetry%2fsql-common 55ms (cache hit)
266 silly packumentCache full:https://registry.npmjs.org/@opentelemetry%2fsql-common set size:15802 disposed:false
267 http cache https://registry.npmjs.org/require-in-the-middle 67ms (cache hit)
268 silly packumentCache full:https://registry.npmjs.org/require-in-the-middle set size:87691 disposed:false
269 http cache https://registry.npmjs.org/@opentelemetry%2fapi-logs 68ms (cache hit)
270 silly packumentCache full:https://registry.npmjs.org/@opentelemetry%2fapi-logs set size:211537 disposed:false
271 http cache https://registry.npmjs.org/@opentelemetry%2fredis-common 58ms (cache hit)
272 silly packumentCache full:https://registry.npmjs.org/@opentelemetry%2fredis-common set size:31766 disposed:false
273 silly packumentCache full:https://registry.npmjs.org/@opentelemetry%2fredis-common dispose
274 http cache https://registry.npmjs.org/@types%2fpg 62ms (cache hit)
275 silly packumentCache full:https://registry.npmjs.org/@types%2fpg set size:195571 disposed:false
276 http cache https://registry.npmjs.org/@opentelemetry%2fsql-common 62ms (cache hit)
277 silly packumentCache full:https://registry.npmjs.org/@opentelemetry%2fsql-common set size:15802 disposed:false
278 silly packumentCache full:https://registry.npmjs.org/@opentelemetry%2fsql-common dispose
279 http cache https://registry.npmjs.org/cjs-module-lexer 56ms (cache hit)
280 silly packumentCache full:https://registry.npmjs.org/cjs-module-lexer set size:147092 disposed:false
281 http cache https://registry.npmjs.org/@types%2ftedious 62ms (cache hit)
282 silly packumentCache full:https://registry.npmjs.org/@types%2ftedious set size:67866 disposed:false
283 http cache https://registry.npmjs.org/acorn-import-attributes 39ms (cache hit)
284 silly packumentCache full:https://registry.npmjs.org/acorn-import-attributes set size:16911 disposed:false
285 http cache https://registry.npmjs.org/module-details-from-path 38ms (cache hit)
286 silly packumentCache full:https://registry.npmjs.org/module-details-from-path set size:10793 disposed:false
287 silly placeDep node_modules/@opentelemetry/core @opentelemetry/semantic-conventions@1.28.0 OK for: @opentelemetry/core@1.30.1 want: 1.28.0
288 silly placeDep ROOT @opentelemetry/api-logs@0.57.2 OK for: @opentelemetry/instrumentation@0.57.2 want: 0.57.2
289 silly placeDep ROOT @types/shimmer@1.2.0 OK for: @opentelemetry/instrumentation@0.57.2 want: ^1.2.0
290 silly placeDep ROOT require-in-the-middle@7.5.2 OK for: @opentelemetry/instrumentation@0.57.2 want: ^7.1.1
291 silly placeDep ROOT shimmer@1.2.1 OK for: @opentelemetry/instrumentation@0.57.2 want: ^1.2.1
292 silly placeDep ROOT @types/connect@3.4.36 OK for: @opentelemetry/instrumentation-connect@0.43.0 want: 3.4.36
293 silly fetch manifest @opentelemetry/api@^1.3.0
294 silly packumentCache full:https://registry.npmjs.org/@opentelemetry%2fapi cache-hit
295 silly placeDep node_modules/@opentelemetry/instrumentation-http @opentelemetry/instrumentation@0.57.1 OK for: @opentelemetry/instrumentation-http@0.57.1 want: 0.57.1
296 silly placeDep node_modules/@opentelemetry/instrumentation-http @opentelemetry/semantic-conventions@1.28.0 OK for: @opentelemetry/instrumentation-http@0.57.1 want: 1.28.0
297 silly placeDep ROOT forwarded-parse@2.1.2 OK for: @opentelemetry/instrumentation-http@0.57.1 want: 2.1.2
298 silly fetch manifest @opentelemetry/api-logs@0.57.1
299 silly packumentCache full:https://registry.npmjs.org/@opentelemetry%2fapi-logs cache-hit
300 silly placeDep ROOT @opentelemetry/redis-common@0.36.2 OK for: @opentelemetry/instrumentation-ioredis@0.47.0 want: ^0.36.2
301 silly placeDep ROOT @types/mysql@2.15.26 OK for: @opentelemetry/instrumentation-mysql@0.45.0 want: 2.15.26
302 silly placeDep ROOT @opentelemetry/sql-common@0.40.1 OK for: @opentelemetry/instrumentation-mysql2@0.45.0 want: ^0.40.1
303 silly placeDep node_modules/@opentelemetry/instrumentation-pg @opentelemetry/semantic-conventions@1.27.0 OK for: @opentelemetry/instrumentation-pg@0.50.0 want: 1.27.0
304 silly placeDep ROOT @types/pg@8.6.1 OK for: @opentelemetry/instrumentation-pg@0.50.0 want: 8.6.1
305 silly placeDep ROOT @types/pg-pool@2.0.6 OK for: @opentelemetry/instrumentation-pg@0.50.0 want: 2.0.6
306 silly placeDep ROOT @types/tedious@4.0.14 OK for: @opentelemetry/instrumentation-tedious@0.18.0 want: ^4.0.14
307 silly placeDep node_modules/@opentelemetry/resources @opentelemetry/semantic-conventions@1.28.0 OK for: @opentelemetry/resources@1.30.1 want: 1.28.0
308 silly placeDep node_modules/@opentelemetry/sdk-trace-base @opentelemetry/semantic-conventions@1.28.0 OK for: @opentelemetry/sdk-trace-base@1.30.1 want: 1.28.0
309 silly fetch manifest @opentelemetry/api@^1.8
310 silly packumentCache full:https://registry.npmjs.org/@opentelemetry%2fapi cache-hit
311 silly placeDep node_modules/@prisma/instrumentation @opentelemetry/instrumentation@0.53.0 OK for: @prisma/instrumentation@5.22.0 want: ^0.49 || ^0.50 || ^0.51 || ^0.52.0 || ^0.53.0
312 silly fetch manifest @opentelemetry/api-logs@0.53.0
313 silly packumentCache full:https://registry.npmjs.org/@opentelemetry%2fapi-logs cache-hit
314 silly fetch manifest acorn@^8.14.0
315 silly packumentCache full:https://registry.npmjs.org/acorn cache-miss
316 http cache https://registry.npmjs.org/acorn 9ms (cache hit)
317 silly packumentCache full:https://registry.npmjs.org/acorn set size:379626 disposed:false
318 silly placeDep ROOT acorn-import-attributes@1.9.5 OK for: import-in-the-middle@1.15.0 want: ^1.9.5
319 silly placeDep ROOT cjs-module-lexer@1.4.3 OK for: import-in-the-middle@1.15.0 want: ^1.2.2
320 silly placeDep ROOT module-details-from-path@1.0.4 OK for: import-in-the-middle@1.15.0 want: ^1.0.3
321 silly placeDep node_modules/@opentelemetry/instrumentation-http @opentelemetry/api-logs@0.57.1 OK for: @opentelemetry/instrumentation@0.57.1 want: 0.57.1
322 silly placeDep node_modules/@prisma/instrumentation @opentelemetry/api-logs@0.53.0 OK for: @opentelemetry/instrumentation@0.53.0 want: 0.53.0
323 silly reify mark retired [
323 silly reify   'C:\\Users\\Henrik Madsen\\.paperclip\\instances\\default\\workspaces\\***\\calculator-thailand\\node_modules\\acorn-import-attributes'
323 silly reify ]
324 silly reify mark retired [
324 silly reify   'C:\\Users\\Henrik Madsen\\.paperclip\\instances\\default\\workspaces\\***\\calculator-thailand\\node_modules\\cjs-module-lexer'
324 silly reify ]
325 silly reify mark retired [
325 silly reify   'C:\\Users\\Henrik Madsen\\.paperclip\\instances\\default\\workspaces\\***\\calculator-thailand\\node_modules\\forwarded-parse'
325 silly reify ]
326 silly reify mark retired [
326 silly reify   'C:\\Users\\Henrik Madsen\\.paperclip\\instances\\default\\workspaces\\***\\calculator-thailand\\node_modules\\import-in-the-middle'
326 silly reify ]
327 silly reify mark retired [
327 silly reify   'C:\\Users\\Henrik Madsen\\.paperclip\\instances\\default\\workspaces\\***\\calculator-thailand\\node_modules\\module-details-from-path'
327 silly reify ]
328 silly reify mark retired [
328 silly reify   'C:\\Users\\Henrik Madsen\\.paperclip\\instances\\default\\workspaces\\***\\calculator-thailand\\node_modules\\require-in-the-middle'
328 silly reify ]
329 silly reify mark retired [
329 silly reify   'C:\\Users\\Henrik Madsen\\.paperclip\\instances\\default\\workspaces\\***\\calculator-thailand\\node_modules\\shimmer'
329 silly reify ]
330 silly reify mark retired [
330 silly reify   'C:\\Users\\Henrik Madsen\\.paperclip\\instances\\default\\workspaces\\***\\calculator-thailand\\node_modules\\@opentelemetry\\context-async-hooks'
330 silly reify ]
331 silly reify mark retired [
331 silly reify   'C:\\Users\\Henrik Madsen\\.paperclip\\instances\\default\\workspaces\\***\\calculator-thailand\\node_modules\\@opentelemetry\\core'
331 silly reify ]
332 silly reify mark retired [
332 silly reify   'C:\\Users\\Henrik Madsen\\.paperclip\\instances\\default\\workspaces\\***\\calculator-thailand\\node_modules\\@opentelemetry\\api-logs'
332 silly reify ]
333 silly reify mark retired [
333 silly reify   'C:\\Users\\Henrik Madsen\\.paperclip\\instances\\default\\workspaces\\***\\calculator-thailand\\node_modules\\@opentelemetry\\api'
333 silly reify ]
334 silly reify mark retired [
334 silly reify   'C:\\Users\\Henrik Madsen\\.paperclip\\instances\\default\\workspaces\\***\\calculator-thailand\\node_modules\\@opentelemetry\\instrumentation'
334 silly reify ]
335 silly reify mark retired [
335 silly reify   'C:\\Users\\Henrik Madsen\\.paperclip\\instances\\default\\workspaces\\***\\calculator-thailand\\node_modules\\@opentelemetry\\instrumentation-amqplib'
335 silly reify ]
336 silly reify mark retired [
336 silly reify   'C:\\Users\\Henrik Madsen\\.paperclip\\instances\\default\\workspaces\\***\\calculator-thailand\\node_modules\\@opentelemetry\\instrumentation-dataloader'
336 silly reify ]
337 silly reify mark retired [
337 silly reify   'C:\\Users\\Henrik Madsen\\.paperclip\\instances\\default\\workspaces\\***\\calculator-thailand\\node_modules\\@opentelemetry\\instrumentation-express'
337 silly reify ]
338 silly reify mark retired [
338 silly reify   'C:\\Users\\Henrik Madsen\\.paperclip\\instances\\default\\workspaces\\***\\calculator-thailand\\node_modules\\@opentelemetry\\instrumentation-ioredis'
338 silly reify ]
339 silly reify mark retired [
339 silly reify   'C:\\Users\\Henrik Madsen\\.paperclip\\instances\\default\\workspaces\\***\\calculator-thailand\\node_modules\\@opentelemetry\\instrumentation-connect'
339 silly reify ]
340 silly reify mark retired [
340 silly reify   'C:\\Users\\Henrik Madsen\\.paperclip\\instances\\default\\workspaces\\***\\calculator-thailand\\node_modules\\@opentelemetry\\instrumentation-kafkajs'
340 silly reify ]
341 silly reify mark retired [
341 silly reify   'C:\\Users\\Henrik Madsen\\.paperclip\\instances\\default\\workspaces\\***\\calculator-thailand\\node_modules\\@opentelemetry\\instrumentation-graphql'
341 silly reify ]
342 silly reify mark retired [
342 silly reify   'C:\\Users\\Henrik Madsen\\.paperclip\\instances\\default\\workspaces\\***\\calculator-thailand\\node_modules\\@opentelemetry\\instrumentation-fastify'
342 silly reify ]
343 silly reify mark retired [
343 silly reify   'C:\\Users\\Henrik Madsen\\.paperclip\\instances\\default\\workspaces\\***\\calculator-thailand\\node_modules\\@opentelemetry\\instrumentation-generic-pool'
343 silly reify ]
344 silly reify mark retired [
344 silly reify   'C:\\Users\\Henrik Madsen\\.paperclip\\instances\\default\\workspaces\\***\\calculator-thailand\\node_modules\\@opentelemetry\\instrumentation-knex'
344 silly reify ]
345 silly reify mark retired [
345 silly reify   'C:\\Users\\Henrik Madsen\\.paperclip\\instances\\default\\workspaces\\***\\calculator-thailand\\node_modules\\@opentelemetry\\instrumentation-fs'
345 silly reify ]
346 silly reify mark retired [
346 silly reify   'C:\\Users\\Henrik Madsen\\.paperclip\\instances\\default\\workspaces\\***\\calculator-thailand\\node_modules\\@opentelemetry\\instrumentation-lru-memoizer'
346 silly reify ]
347 silly reify mark retired [
347 silly reify   'C:\\Users\\Henrik Madsen\\.paperclip\\instances\\default\\workspaces\\***\\calculator-thailand\\node_modules\\@opentelemetry\\instrumentation-mongodb'
347 silly reify ]
348 silly reify mark retired [
348 silly reify   'C:\\Users\\Henrik Madsen\\.paperclip\\instances\\default\\workspaces\\***\\calculator-thailand\\node_modules\\@opentelemetry\\instrumentation-mongoose'
348 silly reify ]
349 silly reify mark retired [
349 silly reify   'C:\\Users\\Henrik Madsen\\.paperclip\\instances\\default\\workspaces\\***\\calculator-thailand\\node_modules\\@opentelemetry\\instrumentation-koa'
349 silly reify ]
350 silly reify mark retired [
350 silly reify   'C:\\Users\\Henrik Madsen\\.paperclip\\instances\\default\\workspaces\\***\\calculator-thailand\\node_modules\\@opentelemetry\\instrumentation-mysql2'
350 silly reify ]
351 silly reify mark retired [
351 silly reify   'C:\\Users\\Henrik Madsen\\.paperclip\\instances\\default\\workspaces\\***\\calculator-thailand\\node_modules\\@opentelemetry\\instrumentation-mysql'
351 silly reify ]
352 silly reify mark retired [
352 silly reify   'C:\\Users\\Henrik Madsen\\.paperclip\\instances\\default\\workspaces\\***\\calculator-thailand\\node_modules\\@opentelemetry\\instrumentation-http'
352 silly reify ]
353 silly reify mark retired [
353 silly reify   'C:\\Users\\Henrik Madsen\\.paperclip\\instances\\default\\workspaces\\***\\calculator-thailand\\node_modules\\@opentelemetry\\instrumentation-hapi'
353 silly reify ]
354 silly reify mark retired [
354 silly reify   'C:\\Users\\Henrik Madsen\\.paperclip\\instances\\default\\workspaces\\***\\calculator-thailand\\node_modules\\@opentelemetry\\redis-common'
354 silly reify ]
355 silly reify mark retired [
355 silly reify   'C:\\Users\\Henrik Madsen\\.paperclip\\instances\\default\\workspaces\\***\\calculator-thailand\\node_modules\\@opentelemetry\\instrumentation-nestjs-core'
355 silly reify ]
356 silly reify mark retired [
356 silly reify   'C:\\Users\\Henrik Madsen\\.paperclip\\instances\\default\\workspaces\\***\\calculator-thailand\\node_modules\\@opentelemetry\\instrumentation-pg'
356 silly reify ]
357 silly reify mark retired [
357 silly reify   'C:\\Users\\Henrik Madsen\\.paperclip\\instances\\default\\workspaces\\***\\calculator-thailand\\node_modules\\@opentelemetry\\sdk-trace-base'
357 silly reify ]
358 silly reify mark retired [
358 silly reify   'C:\\Users\\Henrik Madsen\\.paperclip\\instances\\default\\workspaces\\***\\calculator-thailand\\node_modules\\@opentelemetry\\instrumentation-redis-4'
358 silly reify ]
359 silly reify mark retired [
359 silly reify   'C:\\Users\\Henrik Madsen\\.paperclip\\instances\\default\\workspaces\\***\\calculator-thailand\\node_modules\\@opentelemetry\\resources'
359 silly reify ]
360 silly reify mark retired [
360 silly reify   'C:\\Users\\Henrik Madsen\\.paperclip\\instances\\default\\workspaces\\***\\calculator-thailand\\node_modules\\@opentelemetry\\sql-common'
360 silly reify ]
361 silly reify mark retired [
361 silly reify   'C:\\Users\\Henrik Madsen\\.paperclip\\instances\\default\\workspaces\\***\\calculator-thailand\\node_modules\\@opentelemetry\\instrumentation-undici'
361 silly reify ]
362 silly reify mark retired [
362 silly reify   'C:\\Users\\Henrik Madsen\\.paperclip\\instances\\default\\workspaces\\***\\calculator-thailand\\node_modules\\@opentelemetry\\semantic-conventions'
362 silly reify ]
363 silly reify mark retired [
363 silly reify   'C:\\Users\\Henrik Madsen\\.paperclip\\instances\\default\\workspaces\\***\\calculator-thailand\\node_modules\\@opentelemetry\\instrumentation-tedious'
363 silly reify ]
364 silly reify mark retired [
364 silly reify   'C:\\Users\\Henrik Madsen\\.paperclip\\instances\\default\\workspaces\\***\\calculator-thailand\\node_modules\\@sentry\\core'
364 silly reify ]
365 silly reify mark retired [
365 silly reify   'C:\\Users\\Henrik Madsen\\.paperclip\\instances\\default\\workspaces\\***\\calculator-thailand\\node_modules\\@sentry\\node'
365 silly reify ]
366 silly reify mark retired [
366 silly reify   'C:\\Users\\Henrik Madsen\\.paperclip\\instances\\default\\workspaces\\***\\calculator-thailand\\node_modules\\@sentry\\opentelemetry'
366 silly reify ]
367 silly reify mark retired [
367 silly reify   'C:\\Users\\Henrik Madsen\\.paperclip\\instances\\default\\workspaces\\***\\calculator-thailand\\node_modules\\@prisma\\instrumentation'
367 silly reify ]
368 silly reify mark retired [
368 silly reify   'C:\\Users\\Henrik Madsen\\.paperclip\\instances\\default\\workspaces\\***\\calculator-thailand\\node_modules\\@types\\connect'
368 silly reify ]
369 silly reify mark retired [
369 silly reify   'C:\\Users\\Henrik Madsen\\.paperclip\\instances\\default\\workspaces\\***\\calculator-thailand\\node_modules\\@types\\mysql'
369 silly reify ]
370 silly reify mark retired [
370 silly reify   'C:\\Users\\Henrik Madsen\\.paperclip\\instances\\default\\workspaces\\***\\calculator-thailand\\node_modules\\@types\\pg'
370 silly reify ]
371 silly reify mark retired [
371 silly reify   'C:\\Users\\Henrik Madsen\\.paperclip\\instances\\default\\workspaces\\***\\calculator-thailand\\node_modules\\@types\\shimmer'
371 silly reify ]
372 silly reify mark retired [
372 silly reify   'C:\\Users\\Henrik Madsen\\.paperclip\\instances\\default\\workspaces\\***\\calculator-thailand\\node_modules\\@types\\pg-pool'
372 silly reify ]
373 silly reify mark retired [
373 silly reify   'C:\\Users\\Henrik Madsen\\.paperclip\\instances\\default\\workspaces\\***\\calculator-thailand\\node_modules\\@types\\tedious'
373 silly reify ]
374 silly reify moves {
374 silly reify   'C:\\Users\\Henrik Madsen\\.paperclip\\instances\\default\\workspaces\\***\\calculator-thailand\\node_modules\\acorn-import-attributes': 'C:\\Users\\Henrik Madsen\\.paperclip\\instances\\default\\workspaces\\***\\calculator-thailand\\node_modules\\.acorn-import-attributes-1KMKQAXO',
374 silly reify   'C:\\Users\\Henrik Madsen\\.paperclip\\instances\\default\\workspaces\\***\\calculator-thailand\\node_modules\\cjs-module-lexer': 'C:\\Users\\Henrik Madsen\\.paperclip\\instances\\default\\workspaces\\***\\calculator-thailand\\node_modules\\.cjs-module-lexer-WQGiUAhk',
374 silly reify   'C:\\Users\\Henrik Madsen\\.paperclip\\instances\\default\\workspaces\\***\\calculator-thailand\\node_modules\\forwarded-parse': 'C:\\Users\\Henrik Madsen\\.paperclip\\instances\\default\\workspaces\\***\\calculator-thailand\\node_modules\\.forwarded-parse-Q5V7iTg7',
374 silly reify   'C:\\Users\\Henrik Madsen\\.paperclip\\instances\\default\\workspaces\\***\\calculator-thailand\\node_modules\\import-in-the-middle': 'C:\\Users\\Henrik Madsen\\.paperclip\\instances\\default\\workspaces\\***\\calculator-thailand\\node_modules\\.import-in-the-middle-jvAn2ieF',
374 silly reify   'C:\\Users\\Henrik Madsen\\.paperclip\\instances\\default\\workspaces\\***\\calculator-thailand\\node_modules\\module-details-from-path': 'C:\\Users\\Henrik Madsen\\.paperclip\\instances\\default\\workspaces\\***\\calculator-thailand\\node_modules\\.module-details-from-path-cOnZSCJx',
374 silly reify   'C:\\Users\\Henrik Madsen\\.paperclip\\instances\\default\\workspaces\\***\\calculator-thailand\\node_modules\\require-in-the-middle': 'C:\\Users\\Henrik Madsen\\.paperclip\\instances\\default\\workspaces\\***\\calculator-thailand\\node_modules\\.require-in-the-middle-oIrIRh4l',
374 silly reify   'C:\\Users\\Henrik Madsen\\.paperclip\\instances\\default\\workspaces\\***\\calculator-thailand\\node_modules\\shimmer': 'C:\\Users\\Henrik Madsen\\.paperclip\\instances\\default\\workspaces\\***\\calculator-thailand\\node_modules\\.shimmer-Z7WCwQZJ',
374 silly reify   'C:\\Users\\Henrik Madsen\\.paperclip\\instances\\default\\workspaces\\***\\calculator-thailand\\node_modules\\@opentelemetry\\context-async-hooks': 'C:\\Users\\Henrik Madsen\\.paperclip\\instances\\default\\workspaces\\***\\calculator-thailand\\node_modules\\@opentelemetry\\.context-async-hooks-FLHN9IwD',
374 silly reify   'C:\\Users\\Henrik Madsen\\.paperclip\\instances\\default\\workspaces\\***\\calculator-thailand\\node_modules\\@opentelemetry\\core': 'C:\\Users\\Henrik Madsen\\.paperclip\\instances\\default\\workspaces\\***\\calculator-thailand\\node_modules\\@opentelemetry\\.core-wJYYhlzM',
374 silly reify   'C:\\Users\\Henrik Madsen\\.paperclip\\instances\\default\\workspaces\\***\\calculator-thailand\\node_modules\\@opentelemetry\\api-logs': 'C:\\Users\\Henrik Madsen\\.paperclip\\instances\\default\\workspaces\\***\\calculator-thailand\\node_modules\\@opentelemetry\\.api-logs-XpyXEX8Y',
374 silly reify   'C:\\Users\\Henrik Madsen\\.paperclip\\instances\\default\\workspaces\\***\\calculator-thailand\\node_modules\\@opentelemetry\\api': 'C:\\Users\\Henrik Madsen\\.paperclip\\instances\\default\\workspaces\\***\\calculator-thailand\\node_modules\\@opentelemetry\\.api-bZLqT0Te',
374 silly reify   'C:\\Users\\Henrik Madsen\\.paperclip\\instances\\default\\workspaces\\***\\calculator-thailand\\node_modules\\@opentelemetry\\instrumentation': 'C:\\Users\\Henrik Madsen\\.paperclip\\instances\\default\\workspaces\\***\\calculator-thailand\\node_modules\\@opentelemetry\\.instrumentation-0n85dExC',
374 silly reify   'C:\\Users\\Henrik Madsen\\.paperclip\\instances\\default\\workspaces\\***\\calculator-thailand\\node_modules\\@opentelemetry\\instrumentation-amqplib': 'C:\\Users\\Henrik Madsen\\.paperclip\\instances\\default\\workspaces\\***\\calculator-thailand\\node_modules\\@opentelemetry\\.instrumentation-amqplib-dHL7YxGd',
374 silly reify   'C:\\Users\\Henrik Madsen\\.paperclip\\instances\\default\\workspaces\\***\\calculator-thailand\\node_modules\\@opentelemetry\\instrumentation-dataloader': 'C:\\Users\\Henrik Madsen\\.paperclip\\instances\\default\\workspaces\\***\\calculator-thailand\\node_modules\\@opentelemetry\\.instrumentation-dataloader-X1SJ5Wmm',
374 silly reify   'C:\\Users\\Henrik Madsen\\.paperclip\\instances\\default\\workspaces\\***\\calculator-thailand\\node_modules\\@opentelemetry\\instrumentation-express': 'C:\\Users\\Henrik Madsen\\.paperclip\\instances\\default\\workspaces\\***\\calculator-thailand\\node_modules\\@opentelemetry\\.instrumentation-express-qzzPAQd0',
374 silly reify   'C:\\Users\\Henrik Madsen\\.paperclip\\instances\\default\\workspaces\\***\\calculator-thailand\\node_modules\\@opentelemetry\\instrumentation-ioredis': 'C:\\Users\\Henrik Madsen\\.paperclip\\instances\\default\\workspaces\\***\\calculator-thailand\\node_modules\\@opentelemetry\\.instrumentation-ioredis-33BBDRny',
374 silly reify   'C:\\Users\\Henrik Madsen\\.paperclip\\instances\\default\\workspaces\\***\\calculator-thailand\\node_modules\\@opentelemetry\\instrumentation-connect': 'C:\\Users\\Henrik Madsen\\.paperclip\\instances\\default\\workspaces\\***\\calculator-thailand\\node_modules\\@opentelemetry\\.instrumentation-connect-995Wvg8w',
374 silly reify   'C:\\Users\\Henrik Madsen\\.paperclip\\instances\\default\\workspaces\\***\\calculator-thailand\\node_modules\\@opentelemetry\\instrumentation-kafkajs': 'C:\\Users\\Henrik Madsen\\.paperclip\\instances\\default\\workspaces\\***\\calculator-thailand\\node_modules\\@opentelemetry\\.instrumentation-kafkajs-98fVKbja',
374 silly reify   'C:\\Users\\Henrik Madsen\\.paperclip\\instances\\default\\workspaces\\***\\calculator-thailand\\node_modules\\@opentelemetry\\instrumentation-graphql': 'C:\\Users\\Henrik Madsen\\.paperclip\\instances\\default\\workspaces\\***\\calculator-thailand\\node_modules\\@opentelemetry\\.instrumentation-graphql-QdhnJO9u',
374 silly reify   'C:\\Users\\Henrik Madsen\\.paperclip\\instances\\default\\workspaces\\***\\calculator-thailand\\node_modules\\@opentelemetry\\instrumentation-fastify': 'C:\\Users\\Henrik Madsen\\.paperclip\\instances\\default\\workspaces\\***\\calculator-thailand\\node_modules\\@opentelemetry\\.instrumentation-fastify-2QQ9CJ76',
374 silly reify   'C:\\Users\\Henrik Madsen\\.paperclip\\instances\\default\\workspaces\\***\\calculator-thailand\\node_modules\\@opentelemetry\\instrumentation-generic-pool': 'C:\\Users\\Henrik Madsen\\.paperclip\\instances\\default\\workspaces\\***\\calculator-thailand\\node_modules\\@opentelemetry\\.instrumentation-generic-pool-YBZs731w',
374 silly reify   'C:\\Users\\Henrik Madsen\\.paperclip\\instances\\default\\workspaces\\***\\calculator-thailand\\node_modules\\@opentelemetry\\instrumentation-knex': 'C:\\Users\\Henrik Madsen\\.paperclip\\instances\\default\\workspaces\\***\\calculator-thailand\\node_modules\\@opentelemetry\\.instrumentation-knex-iQU7S1QY',
374 silly reify   'C:\\Users\\Henrik Madsen\\.paperclip\\instances\\default\\workspaces\\***\\calculator-thailand\\node_modules\\@opentelemetry\\instrumentation-fs': 'C:\\Users\\Henrik Madsen\\.paperclip\\instances\\default\\workspaces\\***\\calculator-thailand\\node_modules\\@opentelemetry\\.instrumentation-fs-cMJtB0xI',
374 silly reify   'C:\\Users\\Henrik Madsen\\.paperclip\\instances\\default\\workspaces\\***\\calculator-thailand\\node_modules\\@opentelemetry\\instrumentation-lru-memoizer': 'C:\\Users\\Henrik Madsen\\.paperclip\\instances\\default\\workspaces\\***\\calculator-thailand\\node_modules\\@opentelemetry\\.instrumentation-lru-memoizer-nPi6c35h',
374 silly reify   'C:\\Users\\Henrik Madsen\\.paperclip\\instances\\default\\workspaces\\***\\calculator-thailand\\node_modules\\@opentelemetry\\instrumentation-mongodb': 'C:\\Users\\Henrik Madsen\\.paperclip\\instances\\default\\workspaces\\***\\calculator-thailand\\node_modules\\@opentelemetry\\.instrumentation-mongodb-anqM3aUC',
374 silly reify   'C:\\Users\\Henrik Madsen\\.paperclip\\instances\\default\\workspaces\\***\\calculator-thailand\\node_modules\\@opentelemetry\\instrumentation-mongoose': 'C:\\Users\\Henrik Madsen\\.paperclip\\instances\\default\\workspaces\\***\\calculator-thailand\\node_modules\\@opentelemetry\\.instrumentation-mongoose-KluuuEkc',
374 silly reify   'C:\\Users\\Henrik Madsen\\.paperclip\\instances\\default\\workspaces\\***\\calculator-thailand\\node_modules\\@opentelemetry\\instrumentation-koa': 'C:\\Users\\Henrik Madsen\\.paperclip\\instances\\default\\workspaces\\***\\calculator-thailand\\node_modules\\@opentelemetry\\.instrumentation-koa-tHbvIAZE',
374 silly reify   'C:\\Users\\Henrik Madsen\\.paperclip\\instances\\default\\workspaces\\***\\calculator-thailand\\node_modules\\@opentelemetry\\instrumentation-mysql2': 'C:\\Users\\Henrik Madsen\\.paperclip\\instances\\default\\workspaces\\***\\calculator-thailand\\node_modules\\@opentelemetry\\.instrumentation-mysql2-poIiFEaM',
374 silly reify   'C:\\Users\\Henrik Madsen\\.paperclip\\instances\\default\\workspaces\\***\\calculator-thailand\\node_modules\\@opentelemetry\\instrumentation-mysql': 'C:\\Users\\Henrik Madsen\\.paperclip\\instances\\default\\workspaces\\***\\calculator-thailand\\node_modules\\@opentelemetry\\.instrumentation-mysql-o2Ol8gHM',
374 silly reify   'C:\\Users\\Henrik Madsen\\.paperclip\\instances\\default\\workspaces\\***\\calculator-thailand\\node_modules\\@opentelemetry\\instrumentation-http': 'C:\\Users\\Henrik Madsen\\.paperclip\\instances\\default\\workspaces\\***\\calculator-thailand\\node_modules\\@opentelemetry\\.instrumentation-http-SqgrasdH',
374 silly reify   'C:\\Users\\Henrik Madsen\\.paperclip\\instances\\default\\workspaces\\***\\calculator-thailand\\node_modules\\@opentelemetry\\instrumentation-hapi': 'C:\\Users\\Henrik Madsen\\.paperclip\\instances\\default\\workspaces\\***\\calculator-thailand\\node_modules\\@opentelemetry\\.instrumentation-hapi-vsbg22WD',
374 silly reify   'C:\\Users\\Henrik Madsen\\.paperclip\\instances\\default\\workspaces\\***\\calculator-thailand\\node_modules\\@opentelemetry\\redis-common': 'C:\\Users\\Henrik Madsen\\.paperclip\\instances\\default\\workspaces\\***\\calculator-thailand\\node_modules\\@opentelemetry\\.redis-common-bSfiXeTx',
374 silly reify   'C:\\Users\\Henrik Madsen\\.paperclip\\instances\\default\\workspaces\\***\\calculator-thailand\\node_modules\\@opentelemetry\\instrumentation-nestjs-core': 'C:\\Users\\Henrik Madsen\\.paperclip\\instances\\default\\workspaces\\***\\calculator-thailand\\node_modules\\@opentelemetry\\.instrumentation-nestjs-core-zwGZXIHo',
374 silly reify   'C:\\Users\\Henrik Madsen\\.paperclip\\instances\\default\\workspaces\\***\\calculator-thailand\\node_modules\\@opentelemetry\\instrumentation-pg': 'C:\\Users\\Henrik Madsen\\.paperclip\\instances\\default\\workspaces\\***\\calculator-thailand\\node_modules\\@opentelemetry\\.instrumentation-pg-N3hznXsi',
374 silly reify   'C:\\Users\\Henrik Madsen\\.paperclip\\instances\\default\\workspaces\\***\\calculator-thailand\\node_modules\\@opentelemetry\\sdk-trace-base': 'C:\\Users\\Henrik Madsen\\.paperclip\\instances\\default\\workspaces\\***\\calculator-thailand\\node_modules\\@opentelemetry\\.sdk-trace-base-vrkMVw73',
374 silly reify   'C:\\Users\\Henrik Madsen\\.paperclip\\instances\\default\\workspaces\\***\\calculator-thailand\\node_modules\\@opentelemetry\\instrumentation-redis-4': 'C:\\Users\\Henrik Madsen\\.paperclip\\instances\\default\\workspaces\\***\\calculator-thailand\\node_modules\\@opentelemetry\\.instrumentation-redis-4-VhfWpM05',
374 silly reify   'C:\\Users\\Henrik Madsen\\.paperclip\\instances\\default\\workspaces\\***\\calculator-thailand\\node_modules\\@opentelemetry\\resources': 'C:\\Users\\Henrik Madsen\\.paperclip\\instances\\default\\workspaces\\***\\calculator-thailand\\node_modules\\@opentelemetry\\.resources-y9PGf0jb',
374 silly reify   'C:\\Users\\Henrik Madsen\\.paperclip\\instances\\default\\workspaces\\***\\calculator-thailand\\node_modules\\@opentelemetry\\sql-common': 'C:\\Users\\Henrik Madsen\\.paperclip\\instances\\default\\workspaces\\***\\calculator-thailand\\node_modules\\@opentelemetry\\.sql-common-7YlTYgyd',
374 silly reify   'C:\\Users\\Henrik Madsen\\.paperclip\\instances\\default\\workspaces\\***\\calculator-thailand\\node_modules\\@opentelemetry\\instrumentation-undici': 'C:\\Users\\Henrik Madsen\\.paperclip\\instances\\default\\workspaces\\***\\calculator-thailand\\node_modules\\@opentelemetry\\.instrumentation-undici-vAsk2dqZ',
374 silly reify   'C:\\Users\\Henrik Madsen\\.paperclip\\instances\\default\\workspaces\\***\\calculator-thailand\\node_modules\\@opentelemetry\\semantic-conventions': 'C:\\Users\\Henrik Madsen\\.paperclip\\instances\\default\\workspaces\\***\\calculator-thailand\\node_modules\\@opentelemetry\\.semantic-conventions-aJ0HFVld',
374 silly reify   'C:\\Users\\Henrik Madsen\\.paperclip\\instances\\default\\workspaces\\***\\calculator-thailand\\node_modules\\@opentelemetry\\instrumentation-tedious': 'C:\\Users\\Henrik Madsen\\.paperclip\\instances\\default\\workspaces\\***\\calculator-thailand\\node_modules\\@opentelemetry\\.instrumentation-tedious-jaoBQFsx',
374 silly reify   'C:\\Users\\Henrik Madsen\\.paperclip\\instances\\default\\workspaces\\***\\calculator-thailand\\node_modules\\@sentry\\core': 'C:\\Users\\Henrik Madsen\\.paperclip\\instances\\default\\workspaces\\***\\calculator-thailand\\node_modules\\@sentry\\.core-ZY8JpEMO',
374 silly reify   'C:\\Users\\Henrik Madsen\\.paperclip\\instances\\default\\workspaces\\***\\calculator-thailand\\node_modules\\@sentry\\node': 'C:\\Users\\Henrik Madsen\\.paperclip\\instances\\default\\workspaces\\***\\calculator-thailand\\node_modules\\@sentry\\.node-LiUJUCHA',
374 silly reify   'C:\\Users\\Henrik Madsen\\.paperclip\\instances\\default\\workspaces\\***\\calculator-thailand\\node_modules\\@sentry\\opentelemetry': 'C:\\Users\\Henrik Madsen\\.paperclip\\instances\\default\\workspaces\\***\\calculator-thailand\\node_modules\\@sentry\\.opentelemetry-CVRctlp3',
374 silly reify   'C:\\Users\\Henrik Madsen\\.paperclip\\instances\\default\\workspaces\\***\\calculator-thailand\\node_modules\\@prisma\\instrumentation': 'C:\\Users\\Henrik Madsen\\.paperclip\\instances\\default\\workspaces\\***\\calculator-thailand\\node_modules\\@prisma\\.instrumentation-lJLbWUwQ',
374 silly reify   'C:\\Users\\Henrik Madsen\\.paperclip\\instances\\default\\workspaces\\***\\calculator-thailand\\node_modules\\@types\\connect': 'C:\\Users\\Henrik Madsen\\.paperclip\\instances\\default\\workspaces\\***\\calculator-thailand\\node_modules\\@types\\.connect-14BjQhSs',
374 silly reify   'C:\\Users\\Henrik Madsen\\.paperclip\\instances\\default\\workspaces\\***\\calculator-thailand\\node_modules\\@types\\mysql': 'C:\\Users\\Henrik Madsen\\.paperclip\\instances\\default\\workspaces\\***\\calculator-thailand\\node_modules\\@types\\.mysql-N2a40wkt',
374 silly reify   'C:\\Users\\Henrik Madsen\\.paperclip\\instances\\default\\workspaces\\***\\calculator-thailand\\node_modules\\@types\\pg': 'C:\\Users\\Henrik Madsen\\.paperclip\\instances\\default\\workspaces\\***\\calculator-thailand\\node_modules\\@types\\.pg-bBYLbThS',
374 silly reify   'C:\\Users\\Henrik Madsen\\.paperclip\\instances\\default\\workspaces\\***\\calculator-thailand\\node_modules\\@types\\shimmer': 'C:\\Users\\Henrik Madsen\\.paperclip\\instances\\default\\workspaces\\***\\calculator-thailand\\node_modules\\@types\\.shimmer-jP5c9e5W',
374 silly reify   'C:\\Users\\Henrik Madsen\\.paperclip\\instances\\default\\workspaces\\***\\calculator-thailand\\node_modules\\@types\\pg-pool': 'C:\\Users\\Henrik Madsen\\.paperclip\\instances\\default\\workspaces\\***\\calculator-thailand\\node_modules\\@types\\.pg-pool-5u8Q54Ly',
374 silly reify   'C:\\Users\\Henrik Madsen\\.paperclip\\instances\\default\\workspaces\\***\\calculator-thailand\\node_modules\\@types\\tedious': 'C:\\Users\\Henrik Madsen\\.paperclip\\instances\\default\\workspaces\\***\\calculator-thailand\\node_modules\\@types\\.tedious-okejlH0E'
374 silly reify }
375 http cache @types/tedious@https://registry.npmjs.org/@types/tedious/-/tedious-4.0.14.tgz 0ms (cache hit)
376 http cache @types/pg@https://registry.npmjs.org/@types/pg/-/pg-8.6.1.tgz 0ms (cache hit)
377 http cache @types/shimmer@https://registry.npmjs.org/@types/shimmer/-/shimmer-1.2.0.tgz 0ms (cache hit)
378 http cache @types/mysql@https://registry.npmjs.org/@types/mysql/-/mysql-2.15.26.tgz 0ms (cache hit)
379 http cache @sentry/opentelemetry@https://registry.npmjs.org/@sentry/opentelemetry/-/opentelemetry-8.55.1.tgz 0ms (cache hit)
380 http cache @types/pg-pool@https://registry.npmjs.org/@types/pg-pool/-/pg-pool-2.0.6.tgz 0ms (cache hit)
381 http cache @sentry/node@https://registry.npmjs.org/@sentry/node/-/node-8.55.1.tgz 0ms (cache hit)
382 http cache @sentry/core@https://registry.npmjs.org/@sentry/core/-/core-8.55.1.tgz 0ms (cache hit)
383 http cache @opentelemetry/instrumentation-tedious@https://registry.npmjs.org/@opentelemetry/instrumentation-tedious/-/instrumentation-tedious-0.18.0.tgz 0ms (cache hit)
384 http cache @prisma/instrumentation@https://registry.npmjs.org/@prisma/instrumentation/-/instrumentation-5.22.0.tgz 0ms (cache hit)
385 http cache @opentelemetry/semantic-conventions@https://registry.npmjs.org/@opentelemetry/semantic-conventions/-/semantic-conventions-1.40.0.tgz 0ms (cache hit)
386 http cache @types/connect@https://registry.npmjs.org/@types/connect/-/connect-3.4.36.tgz 0ms (cache hit)
387 http cache @opentelemetry/sql-common@https://registry.npmjs.org/@opentelemetry/sql-common/-/sql-common-0.40.1.tgz 0ms (cache hit)
388 http cache @opentelemetry/resources@https://registry.npmjs.org/@opentelemetry/resources/-/resources-1.30.1.tgz 1ms (cache hit)
389 http cache @opentelemetry/instrumentation-undici@https://registry.npmjs.org/@opentelemetry/instrumentation-undici/-/instrumentation-undici-0.10.0.tgz 0ms (cache hit)
390 http cache @opentelemetry/instrumentation-redis-4@https://registry.npmjs.org/@opentelemetry/instrumentation-redis-4/-/instrumentation-redis-4-0.46.0.tgz 0ms (cache hit)
391 http cache @opentelemetry/instrumentation-pg@https://registry.npmjs.org/@opentelemetry/instrumentation-pg/-/instrumentation-pg-0.50.0.tgz 0ms (cache hit)
392 http cache @opentelemetry/sdk-trace-base@https://registry.npmjs.org/@opentelemetry/sdk-trace-base/-/sdk-trace-base-1.30.1.tgz 0ms (cache hit)
393 http cache @opentelemetry/instrumentation-nestjs-core@https://registry.npmjs.org/@opentelemetry/instrumentation-nestjs-core/-/instrumentation-nestjs-core-0.44.0.tgz 0ms (cache hit)
394 http cache @opentelemetry/instrumentation-hapi@https://registry.npmjs.org/@opentelemetry/instrumentation-hapi/-/instrumentation-hapi-0.45.1.tgz 0ms (cache hit)
395 http cache @opentelemetry/redis-common@https://registry.npmjs.org/@opentelemetry/redis-common/-/redis-common-0.36.2.tgz 0ms (cache hit)
396 http cache @opentelemetry/instrumentation-http@https://registry.npmjs.org/@opentelemetry/instrumentation-http/-/instrumentation-http-0.57.1.tgz 0ms (cache hit)
397 http cache @opentelemetry/instrumentation-mysql@https://registry.npmjs.org/@opentelemetry/instrumentation-mysql/-/instrumentation-mysql-0.45.0.tgz 0ms (cache hit)
398 http cache @opentelemetry/instrumentation-mysql2@https://registry.npmjs.org/@opentelemetry/instrumentation-mysql2/-/instrumentation-mysql2-0.45.0.tgz 0ms (cache hit)
399 http cache @opentelemetry/instrumentation-mongoose@https://registry.npmjs.org/@opentelemetry/instrumentation-mongoose/-/instrumentation-mongoose-0.46.0.tgz 0ms (cache hit)
400 http cache @opentelemetry/instrumentation-koa@https://registry.npmjs.org/@opentelemetry/instrumentation-koa/-/instrumentation-koa-0.47.0.tgz 0ms (cache hit)
401 http cache @opentelemetry/instrumentation-mongodb@https://registry.npmjs.org/@opentelemetry/instrumentation-mongodb/-/instrumentation-mongodb-0.51.0.tgz 0ms (cache hit)
402 http cache @opentelemetry/instrumentation-lru-memoizer@https://registry.npmjs.org/@opentelemetry/instrumentation-lru-memoizer/-/instrumentation-lru-memoizer-0.44.0.tgz 0ms (cache hit)
403 http cache @opentelemetry/instrumentation-fs@https://registry.npmjs.org/@opentelemetry/instrumentation-fs/-/instrumentation-fs-0.19.0.tgz 0ms (cache hit)
404 http cache @opentelemetry/instrumentation-knex@https://registry.npmjs.org/@opentelemetry/instrumentation-knex/-/instrumentation-knex-0.44.0.tgz 0ms (cache hit)
405 http cache @opentelemetry/instrumentation-fastify@https://registry.npmjs.org/@opentelemetry/instrumentation-fastify/-/instrumentation-fastify-0.44.1.tgz 0ms (cache hit)
406 http cache @opentelemetry/instrumentation-generic-pool@https://registry.npmjs.org/@opentelemetry/instrumentation-generic-pool/-/instrumentation-generic-pool-0.43.0.tgz 0ms (cache hit)
407 http cache @opentelemetry/instrumentation-graphql@https://registry.npmjs.org/@opentelemetry/instrumentation-graphql/-/instrumentation-graphql-0.47.0.tgz 0ms (cache hit)
408 http cache @opentelemetry/instrumentation-kafkajs@https://registry.npmjs.org/@opentelemetry/instrumentation-kafkajs/-/instrumentation-kafkajs-0.7.0.tgz 0ms (cache hit)
409 http cache @opentelemetry/instrumentation-connect@https://registry.npmjs.org/@opentelemetry/instrumentation-connect/-/instrumentation-connect-0.43.0.tgz 0ms (cache hit)
410 http cache @opentelemetry/instrumentation-ioredis@https://registry.npmjs.org/@opentelemetry/instrumentation-ioredis/-/instrumentation-ioredis-0.47.0.tgz 0ms (cache hit)
411 http cache @opentelemetry/instrumentation-express@https://registry.npmjs.org/@opentelemetry/instrumentation-express/-/instrumentation-express-0.47.0.tgz 0ms (cache hit)
412 http cache @opentelemetry/instrumentation-dataloader@https://registry.npmjs.org/@opentelemetry/instrumentation-dataloader/-/instrumentation-dataloader-0.16.0.tgz 0ms (cache hit)
413 http cache @opentelemetry/instrumentation-amqplib@https://registry.npmjs.org/@opentelemetry/instrumentation-amqplib/-/instrumentation-amqplib-0.46.1.tgz 0ms (cache hit)
414 http cache @opentelemetry/api-logs@https://registry.npmjs.org/@opentelemetry/api-logs/-/api-logs-0.57.2.tgz 0ms (cache hit)
415 http cache @opentelemetry/api@https://registry.npmjs.org/@opentelemetry/api/-/api-1.9.1.tgz 0ms (cache hit)
416 http cache @opentelemetry/core@https://registry.npmjs.org/@opentelemetry/core/-/core-1.30.1.tgz 0ms (cache hit)
417 http cache @opentelemetry/context-async-hooks@https://registry.npmjs.org/@opentelemetry/context-async-hooks/-/context-async-hooks-1.30.1.tgz 0ms (cache hit)
418 http cache shimmer@https://registry.npmjs.org/shimmer/-/shimmer-1.2.1.tgz 0ms (cache hit)
419 http cache require-in-the-middle@https://registry.npmjs.org/require-in-the-middle/-/require-in-the-middle-7.5.2.tgz 0ms (cache hit)
420 http cache module-details-from-path@https://registry.npmjs.org/module-details-from-path/-/module-details-from-path-1.0.4.tgz 0ms (cache hit)
421 http cache @opentelemetry/instrumentation@https://registry.npmjs.org/@opentelemetry/instrumentation/-/instrumentation-0.57.2.tgz 0ms (cache hit)
422 http cache @opentelemetry/instrumentation@https://registry.npmjs.org/@opentelemetry/instrumentation/-/instrumentation-0.53.0.tgz 0ms (cache hit)
423 http cache @opentelemetry/api-logs@https://registry.npmjs.org/@opentelemetry/api-logs/-/api-logs-0.53.0.tgz 0ms (cache hit)
424 http cache import-in-the-middle@https://registry.npmjs.org/import-in-the-middle/-/import-in-the-middle-1.15.0.tgz 0ms (cache hit)
425 http cache forwarded-parse@https://registry.npmjs.org/forwarded-parse/-/forwarded-parse-2.1.2.tgz 0ms (cache hit)
426 http cache cjs-module-lexer@https://registry.npmjs.org/cjs-module-lexer/-/cjs-module-lexer-1.4.3.tgz 0ms (cache hit)
427 http cache acorn-import-attributes@https://registry.npmjs.org/acorn-import-attributes/-/acorn-import-attributes-1.9.5.tgz 0ms (cache hit)
428 http cache @opentelemetry/semantic-conventions@https://registry.npmjs.org/@opentelemetry/semantic-conventions/-/semantic-conventions-1.28.0.tgz 0ms (cache hit)
429 http cache @opentelemetry/semantic-conventions@https://registry.npmjs.org/@opentelemetry/semantic-conventions/-/semantic-conventions-1.28.0.tgz 0ms (cache hit)
430 http cache @opentelemetry/semantic-conventions@https://registry.npmjs.org/@opentelemetry/semantic-conventions/-/semantic-conventions-1.28.0.tgz 0ms (cache hit)
431 http cache @opentelemetry/semantic-conventions@https://registry.npmjs.org/@opentelemetry/semantic-conventions/-/semantic-conventions-1.27.0.tgz 0ms (cache hit)
432 http cache @opentelemetry/instrumentation@https://registry.npmjs.org/@opentelemetry/instrumentation/-/instrumentation-0.57.1.tgz 0ms (cache hit)
433 silly tarball no local data for @types/tedious@https://registry.npmjs.org/@types/tedious/-/tedious-4.0.14.tgz. Extracting by manifest.
434 http cache @opentelemetry/api-logs@https://registry.npmjs.org/@opentelemetry/api-logs/-/api-logs-0.57.1.tgz 0ms (cache hit)
435 silly tarball no local data for @types/pg@https://registry.npmjs.org/@types/pg/-/pg-8.6.1.tgz. Extracting by manifest.
436 silly tarball no local data for @types/shimmer@https://registry.npmjs.org/@types/shimmer/-/shimmer-1.2.0.tgz. Extracting by manifest.
437 http cache @opentelemetry/semantic-conventions@https://registry.npmjs.org/@opentelemetry/semantic-conventions/-/semantic-conventions-1.28.0.tgz 0ms (cache hit)
438 silly tarball no local data for @types/mysql@https://registry.npmjs.org/@types/mysql/-/mysql-2.15.26.tgz. Extracting by manifest.
439 silly tarball no local data for @sentry/opentelemetry@https://registry.npmjs.org/@sentry/opentelemetry/-/opentelemetry-8.55.1.tgz. Extracting by manifest.
440 silly tarball no local data for @types/pg-pool@https://registry.npmjs.org/@types/pg-pool/-/pg-pool-2.0.6.tgz. Extracting by manifest.
441 silly tarball no local data for @sentry/node@https://registry.npmjs.org/@sentry/node/-/node-8.55.1.tgz. Extracting by manifest.
442 silly tarball no local data for @sentry/core@https://registry.npmjs.org/@sentry/core/-/core-8.55.1.tgz. Extracting by manifest.
443 silly tarball no local data for @opentelemetry/instrumentation-tedious@https://registry.npmjs.org/@opentelemetry/instrumentation-tedious/-/instrumentation-tedious-0.18.0.tgz. Extracting by manifest.
444 silly tarball no local data for @prisma/instrumentation@https://registry.npmjs.org/@prisma/instrumentation/-/instrumentation-5.22.0.tgz. Extracting by manifest.
445 silly tarball no local data for @opentelemetry/semantic-conventions@https://registry.npmjs.org/@opentelemetry/semantic-conventions/-/semantic-conventions-1.40.0.tgz. Extracting by manifest.
446 silly tarball no local data for @types/connect@https://registry.npmjs.org/@types/connect/-/connect-3.4.36.tgz. Extracting by manifest.
447 silly tarball no local data for @opentelemetry/sql-common@https://registry.npmjs.org/@opentelemetry/sql-common/-/sql-common-0.40.1.tgz. Extracting by manifest.
448 silly tarball no local data for @opentelemetry/resources@https://registry.npmjs.org/@opentelemetry/resources/-/resources-1.30.1.tgz. Extracting by manifest.
449 silly tarball no local data for @opentelemetry/instrumentation-undici@https://registry.npmjs.org/@opentelemetry/instrumentation-undici/-/instrumentation-undici-0.10.0.tgz. Extracting by manifest.
450 silly tarball no local data for @opentelemetry/instrumentation-redis-4@https://registry.npmjs.org/@opentelemetry/instrumentation-redis-4/-/instrumentation-redis-4-0.46.0.tgz. Extracting by manifest.
451 silly tarball no local data for @opentelemetry/instrumentation-pg@https://registry.npmjs.org/@opentelemetry/instrumentation-pg/-/instrumentation-pg-0.50.0.tgz. Extracting by manifest.
452 silly tarball no local data for @opentelemetry/sdk-trace-base@https://registry.npmjs.org/@opentelemetry/sdk-trace-base/-/sdk-trace-base-1.30.1.tgz. Extracting by manifest.
453 silly tarball no local data for @opentelemetry/instrumentation-nestjs-core@https://registry.npmjs.org/@opentelemetry/instrumentation-nestjs-core/-/instrumentation-nestjs-core-0.44.0.tgz. Extracting by manifest.
454 silly tarball no local data for @opentelemetry/instrumentation-hapi@https://registry.npmjs.org/@opentelemetry/instrumentation-hapi/-/instrumentation-hapi-0.45.1.tgz. Extracting by manifest.
455 silly tarball no local data for @opentelemetry/redis-common@https://registry.npmjs.org/@opentelemetry/redis-common/-/redis-common-0.36.2.tgz. Extracting by manifest.
456 silly tarball no local data for @opentelemetry/instrumentation-http@https://registry.npmjs.org/@opentelemetry/instrumentation-http/-/instrumentation-http-0.57.1.tgz. Extracting by manifest.
457 silly tarball no local data for @opentelemetry/instrumentation-mysql@https://registry.npmjs.org/@opentelemetry/instrumentation-mysql/-/instrumentation-mysql-0.45.0.tgz. Extracting by manifest.
458 silly tarball no local data for @opentelemetry/instrumentation-mysql2@https://registry.npmjs.org/@opentelemetry/instrumentation-mysql2/-/instrumentation-mysql2-0.45.0.tgz. Extracting by manifest.
459 silly tarball no local data for @opentelemetry/instrumentation-mongoose@https://registry.npmjs.org/@opentelemetry/instrumentation-mongoose/-/instrumentation-mongoose-0.46.0.tgz. Extracting by manifest.
460 silly tarball no local data for @opentelemetry/instrumentation-koa@https://registry.npmjs.org/@opentelemetry/instrumentation-koa/-/instrumentation-koa-0.47.0.tgz. Extracting by manifest.
461 silly tarball no local data for @opentelemetry/instrumentation-mongodb@https://registry.npmjs.org/@opentelemetry/instrumentation-mongodb/-/instrumentation-mongodb-0.51.0.tgz. Extracting by manifest.
462 silly tarball no local data for @opentelemetry/instrumentation-lru-memoizer@https://registry.npmjs.org/@opentelemetry/instrumentation-lru-memoizer/-/instrumentation-lru-memoizer-0.44.0.tgz. Extracting by manifest.
463 silly tarball no local data for @opentelemetry/instrumentation-fs@https://registry.npmjs.org/@opentelemetry/instrumentation-fs/-/instrumentation-fs-0.19.0.tgz. Extracting by manifest.
464 silly tarball no local data for @opentelemetry/instrumentation-knex@https://registry.npmjs.org/@opentelemetry/instrumentation-knex/-/instrumentation-knex-0.44.0.tgz. Extracting by manifest.
465 silly tarball no local data for @opentelemetry/instrumentation-fastify@https://registry.npmjs.org/@opentelemetry/instrumentation-fastify/-/instrumentation-fastify-0.44.1.tgz. Extracting by manifest.
466 silly tarball no local data for @opentelemetry/instrumentation-generic-pool@https://registry.npmjs.org/@opentelemetry/instrumentation-generic-pool/-/instrumentation-generic-pool-0.43.0.tgz. Extracting by manifest.
467 silly tarball no local data for @opentelemetry/instrumentation-graphql@https://registry.npmjs.org/@opentelemetry/instrumentation-graphql/-/instrumentation-graphql-0.47.0.tgz. Extracting by manifest.
468 silly tarball no local data for @opentelemetry/instrumentation-kafkajs@https://registry.npmjs.org/@opentelemetry/instrumentation-kafkajs/-/instrumentation-kafkajs-0.7.0.tgz. Extracting by manifest.
469 silly tarball no local data for @opentelemetry/instrumentation-connect@https://registry.npmjs.org/@opentelemetry/instrumentation-connect/-/instrumentation-connect-0.43.0.tgz. Extracting by manifest.
470 silly tarball no local data for @opentelemetry/instrumentation-ioredis@https://registry.npmjs.org/@opentelemetry/instrumentation-ioredis/-/instrumentation-ioredis-0.47.0.tgz. Extracting by manifest.
471 silly tarball no local data for @opentelemetry/instrumentation-express@https://registry.npmjs.org/@opentelemetry/instrumentation-express/-/instrumentation-express-0.47.0.tgz. Extracting by manifest.
472 silly tarball no local data for @opentelemetry/instrumentation-dataloader@https://registry.npmjs.org/@opentelemetry/instrumentation-dataloader/-/instrumentation-dataloader-0.16.0.tgz. Extracting by manifest.
473 silly tarball no local data for @opentelemetry/instrumentation-amqplib@https://registry.npmjs.org/@opentelemetry/instrumentation-amqplib/-/instrumentation-amqplib-0.46.1.tgz. Extracting by manifest.
474 silly tarball no local data for @opentelemetry/api-logs@https://registry.npmjs.org/@opentelemetry/api-logs/-/api-logs-0.57.2.tgz. Extracting by manifest.
475 silly tarball no local data for @opentelemetry/api@https://registry.npmjs.org/@opentelemetry/api/-/api-1.9.1.tgz. Extracting by manifest.
476 silly tarball no local data for @opentelemetry/core@https://registry.npmjs.org/@opentelemetry/core/-/core-1.30.1.tgz. Extracting by manifest.
477 silly tarball no local data for @opentelemetry/context-async-hooks@https://registry.npmjs.org/@opentelemetry/context-async-hooks/-/context-async-hooks-1.30.1.tgz. Extracting by manifest.
478 silly tarball no local data for shimmer@https://registry.npmjs.org/shimmer/-/shimmer-1.2.1.tgz. Extracting by manifest.
479 silly tarball no local data for require-in-the-middle@https://registry.npmjs.org/require-in-the-middle/-/require-in-the-middle-7.5.2.tgz. Extracting by manifest.
480 silly tarball no local data for module-details-from-path@https://registry.npmjs.org/module-details-from-path/-/module-details-from-path-1.0.4.tgz. Extracting by manifest.
481 silly tarball no local data for @opentelemetry/instrumentation@https://registry.npmjs.org/@opentelemetry/instrumentation/-/instrumentation-0.57.2.tgz. Extracting by manifest.
482 silly tarball no local data for @opentelemetry/instrumentation@https://registry.npmjs.org/@opentelemetry/instrumentation/-/instrumentation-0.53.0.tgz. Extracting by manifest.
483 silly tarball no local data for @opentelemetry/api-logs@https://registry.npmjs.org/@opentelemetry/api-logs/-/api-logs-0.53.0.tgz. Extracting by manifest.
484 silly tarball no local data for import-in-the-middle@https://registry.npmjs.org/import-in-the-middle/-/import-in-the-middle-1.15.0.tgz. Extracting by manifest.
485 silly tarball no local data for forwarded-parse@https://registry.npmjs.org/forwarded-parse/-/forwarded-parse-2.1.2.tgz. Extracting by manifest.
486 silly tarball no local data for cjs-module-lexer@https://registry.npmjs.org/cjs-module-lexer/-/cjs-module-lexer-1.4.3.tgz. Extracting by manifest.
487 silly tarball no local data for acorn-import-attributes@https://registry.npmjs.org/acorn-import-attributes/-/acorn-import-attributes-1.9.5.tgz. Extracting by manifest.
488 silly tarball no local data for @opentelemetry/semantic-conventions@https://registry.npmjs.org/@opentelemetry/semantic-conventions/-/semantic-conventions-1.28.0.tgz. Extracting by manifest.
489 silly tarball no local data for @opentelemetry/semantic-conventions@https://registry.npmjs.org/@opentelemetry/semantic-conventions/-/semantic-conventions-1.28.0.tgz. Extracting by manifest.
490 silly tarball no local data for @opentelemetry/semantic-conventions@https://registry.npmjs.org/@opentelemetry/semantic-conventions/-/semantic-conventions-1.28.0.tgz. Extracting by manifest.
491 silly tarball no local data for @opentelemetry/semantic-conventions@https://registry.npmjs.org/@opentelemetry/semantic-conventions/-/semantic-conventions-1.27.0.tgz. Extracting by manifest.
492 silly tarball no local data for @opentelemetry/instrumentation@https://registry.npmjs.org/@opentelemetry/instrumentation/-/instrumentation-0.57.1.tgz. Extracting by manifest.
493 silly tarball no local data for @opentelemetry/api-logs@https://registry.npmjs.org/@opentelemetry/api-logs/-/api-logs-0.57.1.tgz. Extracting by manifest.
494 silly tarball no local data for @opentelemetry/semantic-conventions@https://registry.npmjs.org/@opentelemetry/semantic-conventions/-/semantic-conventions-1.28.0.tgz. Extracting by manifest.
495 http fetch GET 200 https://registry.npmjs.org/@types/pg-pool/-/pg-pool-2.0.6.tgz 355ms (cache miss)
496 http fetch GET 200 https://registry.npmjs.org/@types/tedious/-/tedious-4.0.14.tgz 368ms (cache miss)
497 http fetch GET 200 https://registry.npmjs.org/@opentelemetry/instrumentation-tedious/-/instrumentation-tedious-0.18.0.tgz 396ms (cache miss)
498 http fetch GET 200 https://registry.npmjs.org/@opentelemetry/instrumentation-redis-4/-/instrumentation-redis-4-0.46.0.tgz 452ms (cache miss)
499 http fetch GET 200 https://registry.npmjs.org/@opentelemetry/instrumentation-nestjs-core/-/instrumentation-nestjs-core-0.44.0.tgz 507ms (cache miss)
500 http fetch GET 200 https://registry.npmjs.org/@opentelemetry/redis-common/-/redis-common-0.36.2.tgz 506ms (cache miss)
501 http fetch GET 200 https://registry.npmjs.org/@opentelemetry/instrumentation-pg/-/instrumentation-pg-0.50.0.tgz 516ms (cache miss)
502 http fetch GET 200 https://registry.npmjs.org/@opentelemetry/instrumentation-hapi/-/instrumentation-hapi-0.45.1.tgz 535ms (cache miss)
503 http fetch GET 200 https://registry.npmjs.org/@opentelemetry/instrumentation-mysql/-/instrumentation-mysql-0.45.0.tgz 603ms (cache miss)
504 http fetch GET 200 https://registry.npmjs.org/@opentelemetry/instrumentation-mysql2/-/instrumentation-mysql2-0.45.0.tgz 634ms (cache miss)
505 http fetch GET 200 https://registry.npmjs.org/@opentelemetry/instrumentation-mongoose/-/instrumentation-mongoose-0.46.0.tgz 640ms (cache miss)
506 http fetch GET 200 https://registry.npmjs.org/@opentelemetry/instrumentation-http/-/instrumentation-http-0.57.1.tgz 655ms (cache miss)
507 http fetch GET 200 https://registry.npmjs.org/@opentelemetry/instrumentation-generic-pool/-/instrumentation-generic-pool-0.43.0.tgz 658ms (cache miss)
508 http fetch GET 200 https://registry.npmjs.org/@opentelemetry/instrumentation-lru-memoizer/-/instrumentation-lru-memoizer-0.44.0.tgz 675ms (cache miss)
509 http fetch GET 200 https://registry.npmjs.org/@types/pg/-/pg-8.6.1.tgz 713ms (cache miss)
510 http fetch GET 200 https://registry.npmjs.org/@types/connect/-/connect-3.4.36.tgz 704ms (cache miss)
511 http fetch GET 200 https://registry.npmjs.org/@opentelemetry/instrumentation-mongodb/-/instrumentation-mongodb-0.51.0.tgz 735ms (cache miss)
512 http fetch GET 200 https://registry.npmjs.org/@opentelemetry/instrumentation-koa/-/instrumentation-koa-0.47.0.tgz 783ms (cache miss)
513 http fetch GET 200 https://registry.npmjs.org/module-details-from-path/-/module-details-from-path-1.0.4.tgz 799ms (cache miss)
514 http fetch GET 200 https://registry.npmjs.org/@opentelemetry/sql-common/-/sql-common-0.40.1.tgz 841ms (cache miss)
515 http fetch GET 200 https://registry.npmjs.org/require-in-the-middle/-/require-in-the-middle-7.5.2.tgz 833ms (cache miss)
516 http fetch GET 200 https://registry.npmjs.org/@types/mysql/-/mysql-2.15.26.tgz 872ms (cache miss)
517 http fetch GET 200 https://registry.npmjs.org/forwarded-parse/-/forwarded-parse-2.1.2.tgz 846ms (cache miss)
518 http fetch GET 200 https://registry.npmjs.org/@opentelemetry/instrumentation-fs/-/instrumentation-fs-0.19.0.tgz 913ms (cache miss)
519 http fetch GET 200 https://registry.npmjs.org/acorn-import-attributes/-/acorn-import-attributes-1.9.5.tgz 891ms (cache miss)
520 http fetch GET 200 https://registry.npmjs.org/shimmer/-/shimmer-1.2.1.tgz 908ms (cache miss)
521 http fetch GET 200 https://registry.npmjs.org/@opentelemetry/instrumentation-kafkajs/-/instrumentation-kafkajs-0.7.0.tgz 978ms (cache miss)
522 http fetch GET 200 https://registry.npmjs.org/cjs-module-lexer/-/cjs-module-lexer-1.4.3.tgz 965ms (cache miss)
523 http fetch GET 200 https://registry.npmjs.org/@opentelemetry/instrumentation-knex/-/instrumentation-knex-0.44.0.tgz 992ms (cache miss)
524 http fetch GET 200 https://registry.npmjs.org/@opentelemetry/instrumentation-dataloader/-/instrumentation-dataloader-0.16.0.tgz 1018ms (cache miss)
525 http fetch GET 200 https://registry.npmjs.org/@opentelemetry/instrumentation-ioredis/-/instrumentation-ioredis-0.47.0.tgz 1074ms (cache miss)
526 http fetch GET 200 https://registry.npmjs.org/@opentelemetry/instrumentation-connect/-/instrumentation-connect-0.43.0.tgz 1080ms (cache miss)
527 http fetch GET 200 https://registry.npmjs.org/@opentelemetry/context-async-hooks/-/context-async-hooks-1.30.1.tgz 1093ms (cache miss)
528 http fetch GET 200 https://registry.npmjs.org/@opentelemetry/instrumentation-graphql/-/instrumentation-graphql-0.47.0.tgz 1161ms (cache miss)
529 http fetch GET 200 https://registry.npmjs.org/@opentelemetry/instrumentation-express/-/instrumentation-express-0.47.0.tgz 1174ms (cache miss)
530 http fetch GET 200 https://registry.npmjs.org/@opentelemetry/instrumentation-fastify/-/instrumentation-fastify-0.44.1.tgz 1198ms (cache miss)
531 http fetch GET 200 https://registry.npmjs.org/@prisma/instrumentation/-/instrumentation-5.22.0.tgz 2616ms (cache miss)
532 http fetch GET 200 https://registry.npmjs.org/@opentelemetry/instrumentation-undici/-/instrumentation-undici-0.10.0.tgz 2739ms (cache miss)
533 http fetch GET 200 https://registry.npmjs.org/@opentelemetry/instrumentation-amqplib/-/instrumentation-amqplib-0.46.1.tgz 3409ms (cache miss)
534 http fetch GET 200 https://registry.npmjs.org/import-in-the-middle/-/import-in-the-middle-1.15.0.tgz 3470ms (cache miss)
535 http fetch GET 200 https://registry.npmjs.org/@types/shimmer/-/shimmer-1.2.0.tgz 3521ms (cache miss)
536 http fetch GET 200 https://registry.npmjs.org/@opentelemetry/semantic-conventions/-/semantic-conventions-1.27.0.tgz 3838ms (cache miss)
537 http fetch GET 200 https://registry.npmjs.org/@opentelemetry/semantic-conventions/-/semantic-conventions-1.28.0.tgz 3989ms (cache miss)
538 http fetch GET 200 https://registry.npmjs.org/@opentelemetry/semantic-conventions/-/semantic-conventions-1.28.0.tgz 4002ms (cache miss)
539 http fetch GET 200 https://registry.npmjs.org/@opentelemetry/semantic-conventions/-/semantic-conventions-1.28.0.tgz 4022ms (cache miss)
540 http fetch GET 200 https://registry.npmjs.org/@sentry/opentelemetry/-/opentelemetry-8.55.1.tgz 4252ms (cache miss)
541 http fetch GET 200 https://registry.npmjs.org/@opentelemetry/api-logs/-/api-logs-0.57.2.tgz 4227ms (cache miss)
542 http fetch GET 200 https://registry.npmjs.org/@opentelemetry/api-logs/-/api-logs-0.57.1.tgz 4302ms (cache miss)
543 http fetch GET 200 https://registry.npmjs.org/@opentelemetry/instrumentation/-/instrumentation-0.53.0.tgz 4428ms (cache miss)
544 http fetch GET 200 https://registry.npmjs.org/@opentelemetry/instrumentation/-/instrumentation-0.57.2.tgz 4433ms (cache miss)
545 http fetch GET 200 https://registry.npmjs.org/@opentelemetry/instrumentation/-/instrumentation-0.57.1.tgz 4469ms (cache miss)
546 http fetch GET 200 https://registry.npmjs.org/@opentelemetry/semantic-conventions/-/semantic-conventions-1.28.0.tgz 4483ms (cache miss)
547 http fetch GET 200 https://registry.npmjs.org/@opentelemetry/api-logs/-/api-logs-0.53.0.tgz 4587ms (cache miss)
548 http fetch GET 200 https://registry.npmjs.org/@opentelemetry/semantic-conventions/-/semantic-conventions-1.40.0.tgz 4693ms (cache miss)
549 http fetch GET 200 https://registry.npmjs.org/@opentelemetry/sdk-trace-base/-/sdk-trace-base-1.30.1.tgz 4959ms (cache miss)
550 http fetch GET 200 https://registry.npmjs.org/@opentelemetry/resources/-/resources-1.30.1.tgz 5923ms (cache miss)
551 http fetch GET 200 https://registry.npmjs.org/@opentelemetry/core/-/core-1.30.1.tgz 6447ms (cache miss)
552 http fetch GET 200 https://registry.npmjs.org/@opentelemetry/api/-/api-1.9.1.tgz 6708ms (cache miss)
553 http fetch GET 200 https://registry.npmjs.org/@sentry/node/-/node-8.55.1.tgz 6745ms (cache miss)
554 http fetch GET 200 https://registry.npmjs.org/@sentry/core/-/core-8.55.1.tgz 8098ms (cache miss)
555 silly CHANGE node_modules/@types/tedious
556 silly CHANGE node_modules/@types/pg-pool
557 silly CHANGE node_modules/@types/shimmer
558 silly CHANGE node_modules/@types/pg
559 silly CHANGE node_modules/@types/mysql
560 silly CHANGE node_modules/@types/connect
561 silly CHANGE node_modules/@prisma/instrumentation
562 silly CHANGE node_modules/@prisma/instrumentation/node_modules/@opentelemetry/instrumentation
563 silly CHANGE node_modules/@prisma/instrumentation/node_modules/@opentelemetry/api-logs
564 silly CHANGE node_modules/@sentry/opentelemetry
565 silly CHANGE node_modules/@sentry/node
566 silly CHANGE node_modules/@sentry/core
567 silly CHANGE node_modules/@opentelemetry/instrumentation-tedious
568 silly CHANGE node_modules/@opentelemetry/semantic-conventions
569 silly CHANGE node_modules/@opentelemetry/instrumentation-undici
570 silly CHANGE node_modules/@opentelemetry/sql-common
571 silly CHANGE node_modules/@opentelemetry/resources
572 silly CHANGE node_modules/@opentelemetry/resources/node_modules/@opentelemetry/semantic-conventions
573 silly CHANGE node_modules/@opentelemetry/instrumentation-redis-4
574 silly CHANGE node_modules/@opentelemetry/sdk-trace-base
575 silly CHANGE node_modules/@opentelemetry/sdk-trace-base/node_modules/@opentelemetry/semantic-conventions
576 silly CHANGE node_modules/@opentelemetry/instrumentation-pg
577 silly CHANGE node_modules/@opentelemetry/instrumentation-pg/node_modules/@opentelemetry/semantic-conventions
578 silly CHANGE node_modules/@opentelemetry/instrumentation-nestjs-core
579 silly CHANGE node_modules/@opentelemetry/redis-common
580 silly CHANGE node_modules/@opentelemetry/instrumentation-hapi
581 silly CHANGE node_modules/@opentelemetry/instrumentation-http
582 silly CHANGE node_modules/@opentelemetry/instrumentation-http/node_modules/@opentelemetry/instrumentation
583 silly CHANGE node_modules/@opentelemetry/instrumentation-http/node_modules/@opentelemetry/semantic-conventions
584 silly CHANGE node_modules/@opentelemetry/instrumentation-http/node_modules/@opentelemetry/api-logs
585 silly CHANGE node_modules/@opentelemetry/instrumentation-mysql
586 silly CHANGE node_modules/@opentelemetry/instrumentation-mysql2
587 silly CHANGE node_modules/@opentelemetry/instrumentation-koa
588 silly CHANGE node_modules/@opentelemetry/instrumentation-mongoose
589 silly CHANGE node_modules/@opentelemetry/instrumentation-mongodb
590 silly CHANGE node_modules/@opentelemetry/instrumentation-lru-memoizer
591 silly CHANGE node_modules/@opentelemetry/instrumentation-fs
592 silly CHANGE node_modules/@opentelemetry/instrumentation-knex
593 silly CHANGE node_modules/@opentelemetry/instrumentation-generic-pool
594 silly CHANGE node_modules/@opentelemetry/instrumentation-fastify
595 silly CHANGE node_modules/@opentelemetry/instrumentation-graphql
596 silly CHANGE node_modules/@opentelemetry/instrumentation-kafkajs
597 silly CHANGE node_modules/@opentelemetry/instrumentation-connect
598 silly CHANGE node_modules/@opentelemetry/instrumentation-ioredis
599 silly CHANGE node_modules/@opentelemetry/instrumentation-express
600 silly CHANGE node_modules/@opentelemetry/instrumentation-dataloader
601 silly CHANGE node_modules/@opentelemetry/instrumentation-amqplib
602 silly CHANGE node_modules/@opentelemetry/instrumentation
603 silly CHANGE node_modules/@opentelemetry/api
604 silly CHANGE node_modules/@opentelemetry/api-logs
605 silly CHANGE node_modules/@opentelemetry/core
606 silly CHANGE node_modules/@opentelemetry/core/node_modules/@opentelemetry/semantic-conventions
607 silly CHANGE node_modules/@opentelemetry/context-async-hooks
608 silly CHANGE node_modules/shimmer
609 silly CHANGE node_modules/require-in-the-middle
610 silly CHANGE node_modules/module-details-from-path
611 silly CHANGE node_modules/import-in-the-middle
612 silly CHANGE node_modules/forwarded-parse
613 silly CHANGE node_modules/cjs-module-lexer
614 silly CHANGE node_modules/acorn-import-attributes
615 verbose cwd C:\Users\Henrik Madsen\.paperclip\instances\default\workspaces\***\calculator-thailand
616 verbose os Windows_NT 10.0.26200
617 verbose node v24.14.1
618 verbose npm  v11.11.0
619 verbose exit 0
620 info ok
