0 verbose cli C:\Program Files\nodejs\node.exe C:\Program Files\nodejs\node_modules\npm\bin\npm-cli.js
1 info using npm@11.11.0
2 info using node@v24.14.1
3 silly config load:file:C:\Program Files\nodejs\node_modules\npm\npmrc
4 silly config load:file:C:\Users\Henrik Madsen\.paperclip\instances\default\workspaces\***\calculator-thailand\.npmrc
5 silly config load:file:C:\Users\Henrik Madsen\.npmrc
6 silly config load:file:C:\Users\Henrik Madsen\AppData\Roaming\npm\etc\npmrc
7 verbose title npm ci
8 verbose argv "ci" "--loglevel" "verbose"
9 verbose logfile logs-max:10 dir:C:\Users\Henrik Madsen\.paperclip\instances\default\workspaces\***\calculator-thailand\.npm-cache\_logs\2026-04-28T05_08_07_674Z-
10 verbose logfile C:\Users\Henrik Madsen\.paperclip\instances\default\workspaces\***\calculator-thailand\.npm-cache\_logs\2026-04-28T05_08_07_674Z-debug-0.log
11 silly logfile done cleaning log files
12 silly packumentCache heap:50532974592 maxSize:12633243648 maxEntrySize:6316621824
13 silly idealTree buildDeps
14 silly fetch manifest @sentry/node@^8.0.0
15 silly packumentCache full:https://registry.npmjs.org/@sentry%2fnode cache-miss
16 http fetch GET 200 https://registry.npmjs.org/npm 539ms
17 http fetch GET 200 https://registry.npmjs.org/@sentry%2fnode 358ms (cache miss)
18 silly packumentCache full:https://registry.npmjs.org/@sentry%2fnode set size:undefined disposed:false
19 silly placeDep ROOT @sentry/node@8.55.1 OK for: calculator-thailand@1.0.0 want: ^8.0.0
20 silly fetch manifest @sentry/core@8.55.1
21 silly packumentCache full:https://registry.npmjs.org/@sentry%2fcore cache-miss
22 silly fetch manifest @opentelemetry/api@^1.9.0
23 silly packumentCache full:https://registry.npmjs.org/@opentelemetry%2fapi cache-miss
24 silly fetch manifest @opentelemetry/core@^1.30.1
25 silly packumentCache full:https://registry.npmjs.org/@opentelemetry%2fcore cache-miss
26 silly fetch manifest import-in-the-middle@^1.11.2
27 silly packumentCache full:https://registry.npmjs.org/import-in-the-middle cache-miss
28 silly fetch manifest @sentry/opentelemetry@8.55.1
29 silly packumentCache full:https://registry.npmjs.org/@sentry%2fopentelemetry cache-miss
30 silly fetch manifest @prisma/instrumentation@5.22.0
31 silly packumentCache full:https://registry.npmjs.org/@prisma%2finstrumentation cache-miss
32 silly fetch manifest @opentelemetry/resources@^1.30.1
33 silly packumentCache full:https://registry.npmjs.org/@opentelemetry%2fresources cache-miss
34 silly fetch manifest @opentelemetry/sdk-trace-base@^1.30.1
35 silly packumentCache full:https://registry.npmjs.org/@opentelemetry%2fsdk-trace-base cache-miss
36 silly fetch manifest @opentelemetry/instrumentation@^0.57.1
37 silly packumentCache full:https://registry.npmjs.org/@opentelemetry%2finstrumentation cache-miss
38 silly fetch manifest @opentelemetry/instrumentation-fs@0.19.0
39 silly packumentCache full:https://registry.npmjs.org/@opentelemetry%2finstrumentation-fs cache-miss
40 silly fetch manifest @opentelemetry/instrumentation-pg@0.50.0
41 silly packumentCache full:https://registry.npmjs.org/@opentelemetry%2finstrumentation-pg cache-miss
42 silly fetch manifest @opentelemetry/context-async-hooks@^1.30.1
43 silly packumentCache full:https://registry.npmjs.org/@opentelemetry%2fcontext-async-hooks cache-miss
44 silly fetch manifest @opentelemetry/instrumentation-koa@0.47.0
45 silly packumentCache full:https://registry.npmjs.org/@opentelemetry%2finstrumentation-koa cache-miss
46 silly fetch manifest @opentelemetry/instrumentation-hapi@0.45.1
47 silly packumentCache full:https://registry.npmjs.org/@opentelemetry%2finstrumentation-hapi cache-miss
48 silly fetch manifest @opentelemetry/instrumentation-http@0.57.1
49 silly packumentCache full:https://registry.npmjs.org/@opentelemetry%2finstrumentation-http cache-miss
50 http fetch GET 200 https://registry.npmjs.org/@opentelemetry%2fapi 115ms (cache miss)
51 silly packumentCache full:https://registry.npmjs.org/@opentelemetry%2fapi set size:undefined disposed:false
52 silly fetch manifest @opentelemetry/instrumentation-knex@0.44.0
53 silly packumentCache full:https://registry.npmjs.org/@opentelemetry%2finstrumentation-knex cache-miss
54 http fetch GET 200 https://registry.npmjs.org/@sentry%2fcore 162ms (cache miss)
55 silly packumentCache full:https://registry.npmjs.org/@sentry%2fcore set size:undefined disposed:false
56 silly fetch manifest @opentelemetry/semantic-conventions@^1.28.0
57 silly packumentCache full:https://registry.npmjs.org/@opentelemetry%2fsemantic-conventions cache-miss
58 http fetch GET 200 https://registry.npmjs.org/@opentelemetry%2finstrumentation-knex 85ms (cache miss)
59 silly packumentCache full:https://registry.npmjs.org/@opentelemetry%2finstrumentation-knex set size:undefined disposed:false
60 silly fetch manifest @opentelemetry/instrumentation-mysql@0.45.0
61 silly packumentCache full:https://registry.npmjs.org/@opentelemetry%2finstrumentation-mysql cache-miss
62 http fetch GET 200 https://registry.npmjs.org/@opentelemetry%2finstrumentation-pg 211ms (cache miss)
63 silly packumentCache full:https://registry.npmjs.org/@opentelemetry%2finstrumentation-pg set size:undefined disposed:false
64 silly fetch manifest @opentelemetry/instrumentation-mysql2@0.45.0
65 silly packumentCache full:https://registry.npmjs.org/@opentelemetry%2finstrumentation-mysql2 cache-miss
66 http fetch GET 200 https://registry.npmjs.org/@opentelemetry%2finstrumentation-hapi 238ms (cache miss)
67 silly packumentCache full:https://registry.npmjs.org/@opentelemetry%2finstrumentation-hapi set size:undefined disposed:false
68 silly fetch manifest @opentelemetry/instrumentation-undici@0.10.0
69 silly packumentCache full:https://registry.npmjs.org/@opentelemetry%2finstrumentation-undici cache-miss
70 http fetch GET 200 https://registry.npmjs.org/@opentelemetry%2fsemantic-conventions 86ms (cache miss)
71 silly packumentCache full:https://registry.npmjs.org/@opentelemetry%2fsemantic-conventions set size:undefined disposed:false
72 silly fetch manifest @opentelemetry/instrumentation-amqplib@^0.46.0
73 silly packumentCache full:https://registry.npmjs.org/@opentelemetry%2finstrumentation-amqplib cache-miss
74 http fetch GET 200 https://registry.npmjs.org/@opentelemetry%2fcontext-async-hooks 268ms (cache miss)
75 silly packumentCache full:https://registry.npmjs.org/@opentelemetry%2fcontext-async-hooks set size:undefined disposed:false
76 silly fetch manifest @opentelemetry/instrumentation-connect@0.43.0
77 silly packumentCache full:https://registry.npmjs.org/@opentelemetry%2finstrumentation-connect cache-miss
78 http fetch GET 200 https://registry.npmjs.org/@opentelemetry%2finstrumentation 279ms (cache miss)
79 silly packumentCache full:https://registry.npmjs.org/@opentelemetry%2finstrumentation set size:undefined disposed:false
80 silly fetch manifest @opentelemetry/instrumentation-express@0.47.0
81 silly packumentCache full:https://registry.npmjs.org/@opentelemetry%2finstrumentation-express cache-miss
82 http fetch GET 200 https://registry.npmjs.org/@opentelemetry%2finstrumentation-mysql 92ms (cache miss)
83 silly packumentCache full:https://registry.npmjs.org/@opentelemetry%2finstrumentation-mysql set size:undefined disposed:false
84 silly fetch manifest @opentelemetry/instrumentation-fastify@0.44.1
85 silly packumentCache full:https://registry.npmjs.org/@opentelemetry%2finstrumentation-fastify cache-miss
86 http fetch GET 200 https://registry.npmjs.org/@opentelemetry%2finstrumentation-amqplib 84ms (cache miss)
87 silly packumentCache full:https://registry.npmjs.org/@opentelemetry%2finstrumentation-amqplib set size:undefined disposed:false
88 silly fetch manifest @opentelemetry/instrumentation-graphql@0.47.0
89 silly packumentCache full:https://registry.npmjs.org/@opentelemetry%2finstrumentation-graphql cache-miss
90 http fetch GET 200 https://registry.npmjs.org/@opentelemetry%2fcore 352ms (cache miss)
91 silly packumentCache full:https://registry.npmjs.org/@opentelemetry%2fcore set size:undefined disposed:false
92 silly fetch manifest @opentelemetry/instrumentation-ioredis@0.47.0
93 silly packumentCache full:https://registry.npmjs.org/@opentelemetry%2finstrumentation-ioredis cache-miss
94 http fetch GET 200 https://registry.npmjs.org/@opentelemetry%2finstrumentation-connect 105ms (cache miss)
95 silly packumentCache full:https://registry.npmjs.org/@opentelemetry%2finstrumentation-connect set size:undefined disposed:false
96 silly fetch manifest @opentelemetry/instrumentation-kafkajs@0.7.0
97 silly packumentCache full:https://registry.npmjs.org/@opentelemetry%2finstrumentation-kafkajs cache-miss
98 http fetch GET 200 https://registry.npmjs.org/@opentelemetry%2finstrumentation-fastify 90ms (cache miss)
99 silly packumentCache full:https://registry.npmjs.org/@opentelemetry%2finstrumentation-fastify set size:undefined disposed:false
100 silly fetch manifest @opentelemetry/instrumentation-mongodb@0.51.0
101 silly packumentCache full:https://registry.npmjs.org/@opentelemetry%2finstrumentation-mongodb cache-miss
102 http fetch GET 200 https://registry.npmjs.org/@opentelemetry%2finstrumentation-koa 412ms (cache miss)
103 silly packumentCache full:https://registry.npmjs.org/@opentelemetry%2finstrumentation-koa set size:undefined disposed:false
104 silly fetch manifest @opentelemetry/instrumentation-redis-4@0.46.0
105 silly packumentCache full:https://registry.npmjs.org/@opentelemetry%2finstrumentation-redis-4 cache-miss
106 http fetch GET 200 https://registry.npmjs.org/@opentelemetry%2finstrumentation-fs 417ms (cache miss)
107 silly packumentCache full:https://registry.npmjs.org/@opentelemetry%2finstrumentation-fs set size:undefined disposed:false
108 silly fetch manifest @opentelemetry/instrumentation-tedious@0.18.0
109 silly packumentCache full:https://registry.npmjs.org/@opentelemetry%2finstrumentation-tedious cache-miss
110 http fetch GET 200 https://registry.npmjs.org/@opentelemetry%2finstrumentation-ioredis 81ms (cache miss)
111 silly packumentCache full:https://registry.npmjs.org/@opentelemetry%2finstrumentation-ioredis set size:undefined disposed:false
112 silly fetch manifest @opentelemetry/instrumentation-mongoose@0.46.0
113 silly packumentCache full:https://registry.npmjs.org/@opentelemetry%2finstrumentation-mongoose cache-miss
114 http fetch GET 200 https://registry.npmjs.org/@opentelemetry%2finstrumentation-mysql2 246ms (cache miss)
115 silly packumentCache full:https://registry.npmjs.org/@opentelemetry%2finstrumentation-mysql2 set size:undefined disposed:false
116 silly fetch manifest @opentelemetry/instrumentation-dataloader@0.16.0
117 silly packumentCache full:https://registry.npmjs.org/@opentelemetry%2finstrumentation-dataloader cache-miss
118 http fetch GET 200 https://registry.npmjs.org/@opentelemetry%2finstrumentation-kafkajs 97ms (cache miss)
119 silly packumentCache full:https://registry.npmjs.org/@opentelemetry%2finstrumentation-kafkajs set size:undefined disposed:false
120 silly fetch manifest @opentelemetry/instrumentation-nestjs-core@0.44.0
121 silly packumentCache full:https://registry.npmjs.org/@opentelemetry%2finstrumentation-nestjs-core cache-miss
122 http fetch GET 200 https://registry.npmjs.org/@opentelemetry%2finstrumentation-mongodb 92ms (cache miss)
123 silly packumentCache full:https://registry.npmjs.org/@opentelemetry%2finstrumentation-mongodb set size:undefined disposed:false
124 silly fetch manifest @opentelemetry/instrumentation-generic-pool@0.43.0
125 silly packumentCache full:https://registry.npmjs.org/@opentelemetry%2finstrumentation-generic-pool cache-miss
126 http fetch GET 200 https://registry.npmjs.org/@opentelemetry%2finstrumentation-undici 249ms (cache miss)
127 silly packumentCache full:https://registry.npmjs.org/@opentelemetry%2finstrumentation-undici set size:undefined disposed:false
128 silly fetch manifest @opentelemetry/instrumentation-lru-memoizer@0.44.0
129 silly packumentCache full:https://registry.npmjs.org/@opentelemetry%2finstrumentation-lru-memoizer cache-miss
130 http fetch GET 200 https://registry.npmjs.org/import-in-the-middle 509ms (cache miss)
131 silly packumentCache full:https://registry.npmjs.org/import-in-the-middle set size:undefined disposed:false
132 http fetch GET 200 https://registry.npmjs.org/@opentelemetry%2finstrumentation-tedious 91ms (cache miss)
133 silly packumentCache full:https://registry.npmjs.org/@opentelemetry%2finstrumentation-tedious set size:undefined disposed:false
134 http fetch GET 200 https://registry.npmjs.org/@opentelemetry%2finstrumentation-dataloader 87ms (cache miss)
135 silly packumentCache full:https://registry.npmjs.org/@opentelemetry%2finstrumentation-dataloader set size:undefined disposed:false
136 http fetch GET 200 https://registry.npmjs.org/@opentelemetry%2finstrumentation-generic-pool 79ms (cache miss)
137 silly packumentCache full:https://registry.npmjs.org/@opentelemetry%2finstrumentation-generic-pool set size:undefined disposed:false
138 http fetch GET 200 https://registry.npmjs.org/@opentelemetry%2finstrumentation-lru-memoizer 78ms (cache miss)
139 silly packumentCache full:https://registry.npmjs.org/@opentelemetry%2finstrumentation-lru-memoizer set size:undefined disposed:false
140 http fetch GET 200 https://registry.npmjs.org/@opentelemetry%2finstrumentation-redis-4 247ms (cache miss)
141 silly packumentCache full:https://registry.npmjs.org/@opentelemetry%2finstrumentation-redis-4 set size:undefined disposed:false
142 http fetch GET 200 https://registry.npmjs.org/@opentelemetry%2finstrumentation-mongoose 249ms (cache miss)
143 silly packumentCache full:https://registry.npmjs.org/@opentelemetry%2finstrumentation-mongoose set size:undefined disposed:false
144 http fetch GET 200 https://registry.npmjs.org/@opentelemetry%2finstrumentation-express 431ms (cache miss)
145 silly packumentCache full:https://registry.npmjs.org/@opentelemetry%2finstrumentation-express set size:undefined disposed:false
146 http fetch GET 200 https://registry.npmjs.org/@opentelemetry%2finstrumentation-nestjs-core 257ms (cache miss)
147 silly packumentCache full:https://registry.npmjs.org/@opentelemetry%2finstrumentation-nestjs-core set size:undefined disposed:false
148 http fetch GET 200 https://registry.npmjs.org/@opentelemetry%2fresources 1220ms (cache miss)
149 silly packumentCache full:https://registry.npmjs.org/@opentelemetry%2fresources set size:undefined disposed:false
150 http fetch GET 200 https://registry.npmjs.org/@sentry%2fopentelemetry 1242ms (cache miss)
151 silly packumentCache full:https://registry.npmjs.org/@sentry%2fopentelemetry set size:undefined disposed:false
152 http fetch GET 200 https://registry.npmjs.org/@opentelemetry%2finstrumentation-http 1665ms (cache miss)
153 silly packumentCache full:https://registry.npmjs.org/@opentelemetry%2finstrumentation-http set size:undefined disposed:false
154 http fetch GET 200 https://registry.npmjs.org/@opentelemetry%2finstrumentation-graphql 1588ms (cache miss)
155 silly packumentCache full:https://registry.npmjs.org/@opentelemetry%2finstrumentation-graphql set size:undefined disposed:false
156 http fetch GET 200 https://registry.npmjs.org/@prisma%2finstrumentation 2910ms (cache miss)
157 silly packumentCache full:https://registry.npmjs.org/@prisma%2finstrumentation set size:undefined disposed:false
158 http fetch GET 200 https://registry.npmjs.org/@opentelemetry%2fsdk-trace-base 3538ms (cache miss)
159 silly packumentCache full:https://registry.npmjs.org/@opentelemetry%2fsdk-trace-base set size:undefined disposed:false
160 silly placeDep ROOT @opentelemetry/api@1.9.1 OK for: @sentry/node@8.55.1 want: ^1.9.0
161 silly placeDep ROOT @opentelemetry/context-async-hooks@1.30.1 OK for: @sentry/node@8.55.1 want: ^1.30.1
162 silly placeDep ROOT @opentelemetry/core@1.30.1 OK for: @sentry/node@8.55.1 want: ^1.30.1
163 silly placeDep ROOT @opentelemetry/instrumentation@0.57.2 OK for: @sentry/node@8.55.1 want: ^0.57.1
164 silly placeDep ROOT @opentelemetry/instrumentation-amqplib@0.46.1 OK for: @sentry/node@8.55.1 want: ^0.46.0
165 silly placeDep ROOT @opentelemetry/instrumentation-connect@0.43.0 OK for: @sentry/node@8.55.1 want: 0.43.0
166 silly placeDep ROOT @opentelemetry/instrumentation-dataloader@0.16.0 OK for: @sentry/node@8.55.1 want: 0.16.0
167 silly placeDep ROOT @opentelemetry/instrumentation-express@0.47.0 OK for: @sentry/node@8.55.1 want: 0.47.0
168 silly placeDep ROOT @opentelemetry/instrumentation-fastify@0.44.1 OK for: @sentry/node@8.55.1 want: 0.44.1
169 silly placeDep ROOT @opentelemetry/instrumentation-fs@0.19.0 OK for: @sentry/node@8.55.1 want: 0.19.0
170 silly placeDep ROOT @opentelemetry/instrumentation-generic-pool@0.43.0 OK for: @sentry/node@8.55.1 want: 0.43.0
171 silly placeDep ROOT @opentelemetry/instrumentation-graphql@0.47.0 OK for: @sentry/node@8.55.1 want: 0.47.0
172 silly placeDep ROOT @opentelemetry/instrumentation-hapi@0.45.1 OK for: @sentry/node@8.55.1 want: 0.45.1
173 silly placeDep ROOT @opentelemetry/instrumentation-http@0.57.1 OK for: @sentry/node@8.55.1 want: 0.57.1
174 silly placeDep ROOT @opentelemetry/instrumentation-ioredis@0.47.0 OK for: @sentry/node@8.55.1 want: 0.47.0
175 silly placeDep ROOT @opentelemetry/instrumentation-kafkajs@0.7.0 OK for: @sentry/node@8.55.1 want: 0.7.0
176 silly placeDep ROOT @opentelemetry/instrumentation-knex@0.44.0 OK for: @sentry/node@8.55.1 want: 0.44.0
177 silly placeDep ROOT @opentelemetry/instrumentation-koa@0.47.0 OK for: @sentry/node@8.55.1 want: 0.47.0
178 silly placeDep ROOT @opentelemetry/instrumentation-lru-memoizer@0.44.0 OK for: @sentry/node@8.55.1 want: 0.44.0
179 silly placeDep ROOT @opentelemetry/instrumentation-mongodb@0.51.0 OK for: @sentry/node@8.55.1 want: 0.51.0
180 silly placeDep ROOT @opentelemetry/instrumentation-mongoose@0.46.0 OK for: @sentry/node@8.55.1 want: 0.46.0
181 silly placeDep ROOT @opentelemetry/instrumentation-mysql@0.45.0 OK for: @sentry/node@8.55.1 want: 0.45.0
182 silly placeDep ROOT @opentelemetry/instrumentation-mysql2@0.45.0 OK for: @sentry/node@8.55.1 want: 0.45.0
183 silly placeDep ROOT @opentelemetry/instrumentation-nestjs-core@0.44.0 OK for: @sentry/node@8.55.1 want: 0.44.0
184 silly placeDep ROOT @opentelemetry/instrumentation-pg@0.50.0 OK for: @sentry/node@8.55.1 want: 0.50.0
185 silly placeDep ROOT @opentelemetry/instrumentation-redis-4@0.46.0 OK for: @sentry/node@8.55.1 want: 0.46.0
186 silly placeDep ROOT @opentelemetry/instrumentation-tedious@0.18.0 OK for: @sentry/node@8.55.1 want: 0.18.0
187 silly placeDep ROOT @opentelemetry/instrumentation-undici@0.10.0 OK for: @sentry/node@8.55.1 want: 0.10.0
188 silly placeDep ROOT @opentelemetry/resources@1.30.1 OK for: @sentry/node@8.55.1 want: ^1.30.1
189 silly placeDep ROOT @opentelemetry/sdk-trace-base@1.30.1 OK for: @sentry/node@8.55.1 want: ^1.30.1
190 silly placeDep ROOT @opentelemetry/semantic-conventions@1.40.0 OK for: @sentry/node@8.55.1 want: ^1.28.0
191 silly placeDep ROOT @prisma/instrumentation@5.22.0 OK for: @sentry/node@8.55.1 want: 5.22.0
192 silly placeDep ROOT @sentry/core@8.55.1 OK for: @sentry/node@8.55.1 want: 8.55.1
193 silly placeDep ROOT @sentry/opentelemetry@8.55.1 OK for: @sentry/node@8.55.1 want: 8.55.1
194 silly placeDep ROOT import-in-the-middle@1.15.0 OK for: @sentry/node@8.55.1 want: ^1.11.2
195 silly fetch manifest @opentelemetry/semantic-conventions@1.28.0
196 silly packumentCache full:https://registry.npmjs.org/@opentelemetry%2fsemantic-conventions cache-miss
197 silly fetch manifest shimmer@^1.2.1
198 silly packumentCache full:https://registry.npmjs.org/shimmer cache-miss
199 silly fetch manifest @types/shimmer@^1.2.0
200 silly packumentCache full:https://registry.npmjs.org/@types%2fshimmer cache-miss
201 silly fetch manifest import-in-the-middle@^1.8.1
202 silly packumentCache full:https://registry.npmjs.org/import-in-the-middle cache-miss
203 silly fetch manifest require-in-the-middle@^7.1.1
204 silly packumentCache full:https://registry.npmjs.org/require-in-the-middle cache-miss
205 silly fetch manifest @opentelemetry/api-logs@0.57.2
206 silly packumentCache full:https://registry.npmjs.org/@opentelemetry%2fapi-logs cache-miss
207 silly fetch manifest @opentelemetry/semantic-conventions@^1.27.0
208 silly packumentCache full:https://registry.npmjs.org/@opentelemetry%2fsemantic-conventions cache-miss
209 silly fetch manifest @types/connect@3.4.36
210 silly packumentCache full:https://registry.npmjs.org/@types%2fconnect cache-miss
211 silly fetch manifest @opentelemetry/semantic-conventions@^1.27.0
212 silly packumentCache full:https://registry.npmjs.org/@opentelemetry%2fsemantic-conventions cache-miss
213 silly fetch manifest @opentelemetry/semantic-conventions@^1.27.0
214 silly packumentCache full:https://registry.npmjs.org/@opentelemetry%2fsemantic-conventions cache-miss
215 silly fetch manifest @opentelemetry/semantic-conventions@^1.27.0
216 silly packumentCache full:https://registry.npmjs.org/@opentelemetry%2fsemantic-conventions cache-miss
217 silly fetch manifest @opentelemetry/semantic-conventions@^1.27.0
218 silly packumentCache full:https://registry.npmjs.org/@opentelemetry%2fsemantic-conventions cache-miss
219 silly fetch manifest forwarded-parse@2.1.2
220 silly packumentCache full:https://registry.npmjs.org/forwarded-parse cache-miss
221 silly fetch manifest @opentelemetry/instrumentation@0.57.1
222 silly packumentCache full:https://registry.npmjs.org/@opentelemetry%2finstrumentation cache-miss
223 silly fetch manifest @opentelemetry/semantic-conventions@1.28.0
224 silly packumentCache full:https://registry.npmjs.org/@opentelemetry%2fsemantic-conventions cache-miss
225 http cache https://registry.npmjs.org/@opentelemetry%2fsemantic-conventions 63ms (cache hit)
226 silly packumentCache full:https://registry.npmjs.org/@opentelemetry%2fsemantic-conventions set size:418065 disposed:false
227 silly fetch manifest @opentelemetry/redis-common@^0.36.2
228 silly packumentCache full:https://registry.npmjs.org/@opentelemetry%2fredis-common cache-miss
229 http cache https://registry.npmjs.org/import-in-the-middle 68ms (cache hit)
230 silly packumentCache full:https://registry.npmjs.org/import-in-the-middle set size:152397 disposed:false
231 silly fetch manifest @opentelemetry/semantic-conventions@^1.27.0
232 silly packumentCache full:https://registry.npmjs.org/@opentelemetry%2fsemantic-conventions cache-hit
233 silly fetch manifest @types/mysql@2.15.26
234 silly packumentCache full:https://registry.npmjs.org/@types%2fmysql cache-miss
235 http cache https://registry.npmjs.org/@opentelemetry%2fsemantic-conventions 80ms (cache hit)
236 silly packumentCache full:https://registry.npmjs.org/@opentelemetry%2fsemantic-conventions set size:418065 disposed:false
237 silly packumentCache full:https://registry.npmjs.org/@opentelemetry%2fsemantic-conventions dispose
238 silly fetch manifest @opentelemetry/sql-common@^0.40.1
239 silly packumentCache full:https://registry.npmjs.org/@opentelemetry%2fsql-common cache-miss
240 http cache https://registry.npmjs.org/@opentelemetry%2finstrumentation 83ms (cache hit)
241 silly packumentCache full:https://registry.npmjs.org/@opentelemetry%2finstrumentation set size:697702 disposed:false
242 silly fetch manifest @types/pg@8.6.1
243 silly packumentCache full:https://registry.npmjs.org/@types%2fpg cache-miss
244 http cache https://registry.npmjs.org/@opentelemetry%2fsemantic-conventions 98ms (cache hit)
245 silly packumentCache full:https://registry.npmjs.org/@opentelemetry%2fsemantic-conventions set size:418065 disposed:true
246 silly packumentCache full:https://registry.npmjs.org/@opentelemetry%2fsemantic-conventions dispose
247 silly fetch manifest @types/pg-pool@2.0.6
248 silly packumentCache full:https://registry.npmjs.org/@types%2fpg-pool cache-miss
249 http cache https://registry.npmjs.org/@opentelemetry%2fsemantic-conventions 101ms (cache hit)
250 silly packumentCache full:https://registry.npmjs.org/@opentelemetry%2fsemantic-conventions set size:418065 disposed:true
251 silly packumentCache full:https://registry.npmjs.org/@opentelemetry%2fsemantic-conventions dispose
252 silly fetch manifest @opentelemetry/sql-common@^0.40.1
253 silly packumentCache full:https://registry.npmjs.org/@opentelemetry%2fsql-common cache-miss
254 http cache https://registry.npmjs.org/@opentelemetry%2fsemantic-conventions 113ms (cache hit)
255 silly packumentCache full:https://registry.npmjs.org/@opentelemetry%2fsemantic-conventions set size:418065 disposed:true
256 silly packumentCache full:https://registry.npmjs.org/@opentelemetry%2fsemantic-conventions dispose
257 silly fetch manifest @opentelemetry/semantic-conventions@1.27.0
258 silly packumentCache full:https://registry.npmjs.org/@opentelemetry%2fsemantic-conventions cache-hit
259 silly fetch manifest @opentelemetry/redis-common@^0.36.2
260 silly packumentCache full:https://registry.npmjs.org/@opentelemetry%2fredis-common cache-miss
261 http cache https://registry.npmjs.org/@opentelemetry%2fsemantic-conventions 118ms (cache hit)
262 silly packumentCache full:https://registry.npmjs.org/@opentelemetry%2fsemantic-conventions set size:418065 disposed:true
263 silly packumentCache full:https://registry.npmjs.org/@opentelemetry%2fsemantic-conventions dispose
264 silly fetch manifest @types/tedious@^4.0.14
265 silly packumentCache full:https://registry.npmjs.org/@types%2ftedious cache-miss
266 http cache https://registry.npmjs.org/@opentelemetry%2fsemantic-conventions 122ms (cache hit)
267 silly packumentCache full:https://registry.npmjs.org/@opentelemetry%2fsemantic-conventions set size:418065 disposed:true
268 silly packumentCache full:https://registry.npmjs.org/@opentelemetry%2fsemantic-conventions dispose
269 silly fetch manifest @opentelemetry/instrumentation@^0.49 || ^0.50 || ^0.51 || ^0.52.0 || ^0.53.0
270 silly packumentCache full:https://registry.npmjs.org/@opentelemetry%2finstrumentation cache-hit
271 silly fetch manifest cjs-module-lexer@^1.2.2
272 silly packumentCache full:https://registry.npmjs.org/cjs-module-lexer cache-miss
273 http fetch GET 200 https://registry.npmjs.org/forwarded-parse 140ms (cache miss)
274 silly packumentCache full:https://registry.npmjs.org/forwarded-parse set size:undefined disposed:false
275 silly fetch manifest acorn-import-attributes@^1.9.5
276 silly packumentCache full:https://registry.npmjs.org/acorn-import-attributes cache-miss
277 http fetch GET 200 https://registry.npmjs.org/shimmer 148ms (cache miss)
278 silly packumentCache full:https://registry.npmjs.org/shimmer set size:undefined disposed:false
279 silly fetch manifest module-details-from-path@^1.0.3
280 silly packumentCache full:https://registry.npmjs.org/module-details-from-path cache-miss
281 http fetch GET 200 https://registry.npmjs.org/@types%2fshimmer 152ms (cache miss)
282 silly packumentCache full:https://registry.npmjs.org/@types%2fshimmer set size:undefined disposed:false
283 http fetch GET 200 https://registry.npmjs.org/@types%2fconnect 152ms (cache miss)
284 silly packumentCache full:https://registry.npmjs.org/@types%2fconnect set size:undefined disposed:false
285 http fetch GET 200 https://registry.npmjs.org/require-in-the-middle 156ms (cache miss)
286 silly packumentCache full:https://registry.npmjs.org/require-in-the-middle set size:undefined disposed:false
287 http fetch GET 200 https://registry.npmjs.org/@opentelemetry%2fapi-logs 159ms (cache miss)
288 silly packumentCache full:https://registry.npmjs.org/@opentelemetry%2fapi-logs set size:undefined disposed:false
289 http fetch GET 200 https://registry.npmjs.org/@types%2fmysql 95ms (cache miss)
290 silly packumentCache full:https://registry.npmjs.org/@types%2fmysql set size:undefined disposed:false
291 http fetch GET 200 https://registry.npmjs.org/@opentelemetry%2fredis-common 111ms (cache miss)
292 silly packumentCache full:https://registry.npmjs.org/@opentelemetry%2fredis-common set size:undefined disposed:false
293 http fetch GET 200 https://registry.npmjs.org/@types%2fpg 86ms (cache miss)
294 silly packumentCache full:https://registry.npmjs.org/@types%2fpg set size:undefined disposed:false
295 http fetch GET 200 https://registry.npmjs.org/@opentelemetry%2fsql-common 102ms (cache miss)
296 silly packumentCache full:https://registry.npmjs.org/@opentelemetry%2fsql-common set size:undefined disposed:false
297 http fetch GET 200 https://registry.npmjs.org/module-details-from-path 55ms (cache miss)
298 silly packumentCache full:https://registry.npmjs.org/module-details-from-path set size:undefined disposed:false
299 http fetch GET 200 https://registry.npmjs.org/acorn-import-attributes 392ms (cache miss)
300 silly packumentCache full:https://registry.npmjs.org/acorn-import-attributes set size:undefined disposed:false
301 http fetch GET 200 https://registry.npmjs.org/@types%2fpg-pool 806ms (cache miss)
302 silly packumentCache full:https://registry.npmjs.org/@types%2fpg-pool set size:undefined disposed:false
303 http fetch GET 200 https://registry.npmjs.org/cjs-module-lexer 1230ms (cache miss)
304 silly packumentCache full:https://registry.npmjs.org/cjs-module-lexer set size:undefined disposed:false
305 http fetch GET 200 https://registry.npmjs.org/@types%2ftedious 1760ms (cache miss)
306 silly packumentCache full:https://registry.npmjs.org/@types%2ftedious set size:undefined disposed:false
307 http fetch GET 200 https://registry.npmjs.org/@opentelemetry%2fsql-common 1846ms (cache miss)
308 silly packumentCache full:https://registry.npmjs.org/@opentelemetry%2fsql-common set size:undefined disposed:false
309 http fetch GET 200 https://registry.npmjs.org/@opentelemetry%2fredis-common 1971ms (cache miss)
310 silly packumentCache full:https://registry.npmjs.org/@opentelemetry%2fredis-common set size:undefined disposed:false
311 silly placeDep node_modules/@opentelemetry/core @opentelemetry/semantic-conventions@1.28.0 OK for: @opentelemetry/core@1.30.1 want: 1.28.0
312 silly placeDep ROOT @opentelemetry/api-logs@0.57.2 OK for: @opentelemetry/instrumentation@0.57.2 want: 0.57.2
313 silly placeDep ROOT @types/shimmer@1.2.0 OK for: @opentelemetry/instrumentation@0.57.2 want: ^1.2.0
314 silly placeDep ROOT require-in-the-middle@7.5.2 OK for: @opentelemetry/instrumentation@0.57.2 want: ^7.1.1
315 silly placeDep ROOT shimmer@1.2.1 OK for: @opentelemetry/instrumentation@0.57.2 want: ^1.2.1
316 silly placeDep ROOT @types/connect@3.4.36 OK for: @opentelemetry/instrumentation-connect@0.43.0 want: 3.4.36
317 silly fetch manifest @opentelemetry/api@^1.3.0
318 silly packumentCache full:https://registry.npmjs.org/@opentelemetry%2fapi cache-miss
319 http cache https://registry.npmjs.org/@opentelemetry%2fapi 7ms (cache hit)
320 silly packumentCache full:https://registry.npmjs.org/@opentelemetry%2fapi set size:272855 disposed:false
321 silly placeDep node_modules/@opentelemetry/instrumentation-http @opentelemetry/instrumentation@0.57.1 OK for: @opentelemetry/instrumentation-http@0.57.1 want: 0.57.1
322 silly placeDep node_modules/@opentelemetry/instrumentation-http @opentelemetry/semantic-conventions@1.28.0 OK for: @opentelemetry/instrumentation-http@0.57.1 want: 1.28.0
323 silly placeDep ROOT forwarded-parse@2.1.2 OK for: @opentelemetry/instrumentation-http@0.57.1 want: 2.1.2
324 silly fetch manifest @opentelemetry/api-logs@0.57.1
325 silly packumentCache full:https://registry.npmjs.org/@opentelemetry%2fapi-logs cache-miss
326 http cache https://registry.npmjs.org/@opentelemetry%2fapi-logs 5ms (cache hit)
327 silly packumentCache full:https://registry.npmjs.org/@opentelemetry%2fapi-logs set size:211537 disposed:false
328 silly placeDep ROOT @opentelemetry/redis-common@0.36.2 OK for: @opentelemetry/instrumentation-ioredis@0.47.0 want: ^0.36.2
329 silly placeDep ROOT @types/mysql@2.15.26 OK for: @opentelemetry/instrumentation-mysql@0.45.0 want: 2.15.26
330 silly placeDep ROOT @opentelemetry/sql-common@0.40.1 OK for: @opentelemetry/instrumentation-mysql2@0.45.0 want: ^0.40.1
331 silly placeDep node_modules/@opentelemetry/instrumentation-pg @opentelemetry/semantic-conventions@1.27.0 OK for: @opentelemetry/instrumentation-pg@0.50.0 want: 1.27.0
332 silly placeDep ROOT @types/pg@8.6.1 OK for: @opentelemetry/instrumentation-pg@0.50.0 want: 8.6.1
333 silly placeDep ROOT @types/pg-pool@2.0.6 OK for: @opentelemetry/instrumentation-pg@0.50.0 want: 2.0.6
334 silly placeDep ROOT @types/tedious@4.0.14 OK for: @opentelemetry/instrumentation-tedious@0.18.0 want: ^4.0.14
335 silly placeDep node_modules/@opentelemetry/resources @opentelemetry/semantic-conventions@1.28.0 OK for: @opentelemetry/resources@1.30.1 want: 1.28.0
336 silly placeDep node_modules/@opentelemetry/sdk-trace-base @opentelemetry/semantic-conventions@1.28.0 OK for: @opentelemetry/sdk-trace-base@1.30.1 want: 1.28.0
337 silly fetch manifest @opentelemetry/api@^1.8
338 silly packumentCache full:https://registry.npmjs.org/@opentelemetry%2fapi cache-hit
339 silly placeDep node_modules/@prisma/instrumentation @opentelemetry/instrumentation@0.53.0 OK for: @prisma/instrumentation@5.22.0 want: ^0.49 || ^0.50 || ^0.51 || ^0.52.0 || ^0.53.0
340 silly fetch manifest @opentelemetry/api-logs@0.53.0
341 silly packumentCache full:https://registry.npmjs.org/@opentelemetry%2fapi-logs cache-hit
342 silly fetch manifest acorn@^8.14.0
343 silly packumentCache full:https://registry.npmjs.org/acorn cache-miss
344 http fetch GET 200 https://registry.npmjs.org/acorn 95ms (cache miss)
345 silly packumentCache full:https://registry.npmjs.org/acorn set size:undefined disposed:false
346 silly placeDep ROOT acorn-import-attributes@1.9.5 OK for: import-in-the-middle@1.15.0 want: ^1.9.5
347 silly placeDep ROOT cjs-module-lexer@1.4.3 OK for: import-in-the-middle@1.15.0 want: ^1.2.2
348 silly placeDep ROOT module-details-from-path@1.0.4 OK for: import-in-the-middle@1.15.0 want: ^1.0.3
349 silly placeDep node_modules/@opentelemetry/instrumentation-http @opentelemetry/api-logs@0.57.1 OK for: @opentelemetry/instrumentation@0.57.1 want: 0.57.1
350 silly placeDep node_modules/@prisma/instrumentation @opentelemetry/api-logs@0.53.0 OK for: @opentelemetry/instrumentation@0.53.0 want: 0.53.0
351 verbose stack Error: 
351 verbose stack `npm ci` can only install packages when your package.json and package-lock.json or npm-shrinkwrap.json are in sync. Please update your lock file with `npm install` before continuing.
351 verbose stack
351 verbose stack Missing: @sentry/node@8.55.1 from lock file
351 verbose stack Missing: @opentelemetry/api@1.9.1 from lock file
351 verbose stack Missing: @opentelemetry/context-async-hooks@1.30.1 from lock file
351 verbose stack Missing: @opentelemetry/core@1.30.1 from lock file
351 verbose stack Missing: @opentelemetry/instrumentation@0.57.2 from lock file
351 verbose stack Missing: @opentelemetry/instrumentation-amqplib@0.46.1 from lock file
351 verbose stack Missing: @opentelemetry/instrumentation-connect@0.43.0 from lock file
351 verbose stack Missing: @opentelemetry/instrumentation-dataloader@0.16.0 from lock file
351 verbose stack Missing: @opentelemetry/instrumentation-express@0.47.0 from lock file
351 verbose stack Missing: @opentelemetry/instrumentation-fastify@0.44.1 from lock file
351 verbose stack Missing: @opentelemetry/instrumentation-fs@0.19.0 from lock file
351 verbose stack Missing: @opentelemetry/instrumentation-generic-pool@0.43.0 from lock file
351 verbose stack Missing: @opentelemetry/instrumentation-graphql@0.47.0 from lock file
351 verbose stack Missing: @opentelemetry/instrumentation-hapi@0.45.1 from lock file
351 verbose stack Missing: @opentelemetry/instrumentation-http@0.57.1 from lock file
351 verbose stack Missing: @opentelemetry/instrumentation-ioredis@0.47.0 from lock file
351 verbose stack Missing: @opentelemetry/instrumentation-kafkajs@0.7.0 from lock file
351 verbose stack Missing: @opentelemetry/instrumentation-knex@0.44.0 from lock file
351 verbose stack Missing: @opentelemetry/instrumentation-koa@0.47.0 from lock file
351 verbose stack Missing: @opentelemetry/instrumentation-lru-memoizer@0.44.0 from lock file
351 verbose stack Missing: @opentelemetry/instrumentation-mongodb@0.51.0 from lock file
351 verbose stack Missing: @opentelemetry/instrumentation-mongoose@0.46.0 from lock file
351 verbose stack Missing: @opentelemetry/instrumentation-mysql@0.45.0 from lock file
351 verbose stack Missing: @opentelemetry/instrumentation-mysql2@0.45.0 from lock file
351 verbose stack Missing: @opentelemetry/instrumentation-nestjs-core@0.44.0 from lock file
351 verbose stack Missing: @opentelemetry/instrumentation-pg@0.50.0 from lock file
351 verbose stack Missing: @opentelemetry/instrumentation-redis-4@0.46.0 from lock file
351 verbose stack Missing: @opentelemetry/instrumentation-tedious@0.18.0 from lock file
351 verbose stack Missing: @opentelemetry/instrumentation-undici@0.10.0 from lock file
351 verbose stack Missing: @opentelemetry/resources@1.30.1 from lock file
351 verbose stack Missing: @opentelemetry/sdk-trace-base@1.30.1 from lock file
351 verbose stack Missing: @opentelemetry/semantic-conventions@1.40.0 from lock file
351 verbose stack Missing: @prisma/instrumentation@5.22.0 from lock file
351 verbose stack Missing: @sentry/core@8.55.1 from lock file
351 verbose stack Missing: @sentry/opentelemetry@8.55.1 from lock file
351 verbose stack Missing: import-in-the-middle@1.15.0 from lock file
351 verbose stack Missing: @opentelemetry/semantic-conventions@1.28.0 from lock file
351 verbose stack Missing: @opentelemetry/api-logs@0.57.2 from lock file
351 verbose stack Missing: @types/shimmer@1.2.0 from lock file
351 verbose stack Missing: require-in-the-middle@7.5.2 from lock file
351 verbose stack Missing: shimmer@1.2.1 from lock file
351 verbose stack Missing: @types/connect@3.4.36 from lock file
351 verbose stack Missing: @opentelemetry/instrumentation@0.57.1 from lock file
351 verbose stack Missing: @opentelemetry/semantic-conventions@1.28.0 from lock file
351 verbose stack Missing: forwarded-parse@2.1.2 from lock file
351 verbose stack Missing: @opentelemetry/redis-common@0.36.2 from lock file
351 verbose stack Missing: @types/mysql@2.15.26 from lock file
351 verbose stack Missing: @opentelemetry/sql-common@0.40.1 from lock file
351 verbose stack Missing: @opentelemetry/semantic-conventions@1.27.0 from lock file
351 verbose stack Missing: @types/pg@8.6.1 from lock file
351 verbose stack Missing: @types/pg-pool@2.0.6 from lock file
351 verbose stack Missing: @types/tedious@4.0.14 from lock file
351 verbose stack Missing: @opentelemetry/semantic-conventions@1.28.0 from lock file
351 verbose stack Missing: @opentelemetry/semantic-conventions@1.28.0 from lock file
351 verbose stack Missing: @opentelemetry/instrumentation@0.53.0 from lock file
351 verbose stack Missing: acorn-import-attributes@1.9.5 from lock file
351 verbose stack Missing: cjs-module-lexer@1.4.3 from lock file
351 verbose stack Missing: module-details-from-path@1.0.4 from lock file
351 verbose stack Missing: @opentelemetry/api-logs@0.57.1 from lock file
351 verbose stack Missing: @opentelemetry/api-logs@0.53.0 from lock file
351 verbose stack
351 verbose stack Clean install a project
351 verbose stack
351 verbose stack Usage:
351 verbose stack npm ci
351 verbose stack
351 verbose stack Options:
351 verbose stack [--install-strategy <hoisted|nested|shallow|linked>] [--legacy-bundling]
351 verbose stack [--global-style] [--omit <dev|optional|peer> [--omit <dev|optional|peer> ...]]
351 verbose stack [--include <prod|dev|optional|peer> [--include <prod|dev|optional|peer> ...]]
351 verbose stack [--strict-peer-deps] [--foreground-scripts] [--ignore-scripts]
351 verbose stack [--allow-git <all|none|root>] [--no-audit] [--no-bin-links] [--no-fund]
351 verbose stack [--dry-run]
351 verbose stack [-w|--workspace <workspace-name> [-w|--workspace <workspace-name> ...]]
351 verbose stack [--workspaces] [--include-workspace-root] [--install-links]
351 verbose stack
351 verbose stack   --install-strategy
351 verbose stack     Sets the strategy for installing packages in node_modules.
351 verbose stack
351 verbose stack   --legacy-bundling
351 verbose stack     Instead of hoisting package installs in `node_modules`, install packages
351 verbose stack
351 verbose stack   --global-style
351 verbose stack     Only install direct dependencies in the top level `node_modules`,
351 verbose stack
351 verbose stack   --omit
351 verbose stack     Dependency types to omit from the installation tree on disk.
351 verbose stack
351 verbose stack   --include
351 verbose stack     Option that allows for defining which types of dependencies to install.
351 verbose stack
351 verbose stack   --strict-peer-deps
351 verbose stack     If set to `true`, and `--legacy-peer-deps` is not set, then _any_
351 verbose stack
351 verbose stack   --foreground-scripts
351 verbose stack     Run all build scripts (ie, `preinstall`, `install`, and
351 verbose stack
351 verbose stack   --ignore-scripts
351 verbose stack     If true, npm does not run scripts specified in package.json files.
351 verbose stack
351 verbose stack   --allow-git
351 verbose stack     Limits the ability for npm to fetch dependencies from git references.
351 verbose stack
351 verbose stack   --audit
351 verbose stack     When "true" submit audit reports alongside the current npm command to the
351 verbose stack
351 verbose stack   --bin-links
351 verbose stack     Tells npm to create symlinks (or `.cmd` shims on Windows) for package
351 verbose stack
351 verbose stack   --fund
351 verbose stack     When "true" displays the message at the end of each `npm install`
351 verbose stack
351 verbose stack   --dry-run
351 verbose stack     Indicates that you don't want npm to make any changes and that it should
351 verbose stack
351 verbose stack   -w|--workspace
351 verbose stack     Enable running a command in the context of the configured workspaces of the
351 verbose stack
351 verbose stack   --workspaces
351 verbose stack     Set to true to run the command in the context of **all** configured
351 verbose stack
351 verbose stack   --include-workspace-root
351 verbose stack     Include the workspace root when workspaces are enabled for a command.
351 verbose stack
351 verbose stack   --install-links
351 verbose stack     When set file: protocol dependencies will be packed and installed as
351 verbose stack
351 verbose stack
351 verbose stack aliases: clean-install, ic, install-clean, isntall-clean
351 verbose stack
351 verbose stack Run "npm help ci" for more info
351 verbose stack     at CI.usageError (C:\Program Files\nodejs\node_modules\npm\lib\base-cmd.js:174:26)
351 verbose stack     at CI.exec (C:\Program Files\nodejs\node_modules\npm\lib\commands\ci.js:71:18)
351 verbose stack     at async Npm.exec (C:\Program Files\nodejs\node_modules\npm\lib\npm.js:209:9)
351 verbose stack     at async module.exports (C:\Program Files\nodejs\node_modules\npm\lib\cli\entry.js:67:5)
352 error code EUSAGE
353 error
353 error `npm ci` can only install packages when your package.json and package-lock.json or npm-shrinkwrap.json are in sync. Please update your lock file with `npm install` before continuing.
353 error
353 error Missing: @sentry/node@8.55.1 from lock file
353 error Missing: @opentelemetry/api@1.9.1 from lock file
353 error Missing: @opentelemetry/context-async-hooks@1.30.1 from lock file
353 error Missing: @opentelemetry/core@1.30.1 from lock file
353 error Missing: @opentelemetry/instrumentation@0.57.2 from lock file
353 error Missing: @opentelemetry/instrumentation-amqplib@0.46.1 from lock file
353 error Missing: @opentelemetry/instrumentation-connect@0.43.0 from lock file
353 error Missing: @opentelemetry/instrumentation-dataloader@0.16.0 from lock file
353 error Missing: @opentelemetry/instrumentation-express@0.47.0 from lock file
353 error Missing: @opentelemetry/instrumentation-fastify@0.44.1 from lock file
353 error Missing: @opentelemetry/instrumentation-fs@0.19.0 from lock file
353 error Missing: @opentelemetry/instrumentation-generic-pool@0.43.0 from lock file
353 error Missing: @opentelemetry/instrumentation-graphql@0.47.0 from lock file
353 error Missing: @opentelemetry/instrumentation-hapi@0.45.1 from lock file
353 error Missing: @opentelemetry/instrumentation-http@0.57.1 from lock file
353 error Missing: @opentelemetry/instrumentation-ioredis@0.47.0 from lock file
353 error Missing: @opentelemetry/instrumentation-kafkajs@0.7.0 from lock file
353 error Missing: @opentelemetry/instrumentation-knex@0.44.0 from lock file
353 error Missing: @opentelemetry/instrumentation-koa@0.47.0 from lock file
353 error Missing: @opentelemetry/instrumentation-lru-memoizer@0.44.0 from lock file
353 error Missing: @opentelemetry/instrumentation-mongodb@0.51.0 from lock file
353 error Missing: @opentelemetry/instrumentation-mongoose@0.46.0 from lock file
353 error Missing: @opentelemetry/instrumentation-mysql@0.45.0 from lock file
353 error Missing: @opentelemetry/instrumentation-mysql2@0.45.0 from lock file
353 error Missing: @opentelemetry/instrumentation-nestjs-core@0.44.0 from lock file
353 error Missing: @opentelemetry/instrumentation-pg@0.50.0 from lock file
353 error Missing: @opentelemetry/instrumentation-redis-4@0.46.0 from lock file
353 error Missing: @opentelemetry/instrumentation-tedious@0.18.0 from lock file
353 error Missing: @opentelemetry/instrumentation-undici@0.10.0 from lock file
353 error Missing: @opentelemetry/resources@1.30.1 from lock file
353 error Missing: @opentelemetry/sdk-trace-base@1.30.1 from lock file
353 error Missing: @opentelemetry/semantic-conventions@1.40.0 from lock file
353 error Missing: @prisma/instrumentation@5.22.0 from lock file
353 error Missing: @sentry/core@8.55.1 from lock file
353 error Missing: @sentry/opentelemetry@8.55.1 from lock file
353 error Missing: import-in-the-middle@1.15.0 from lock file
353 error Missing: @opentelemetry/semantic-conventions@1.28.0 from lock file
353 error Missing: @opentelemetry/api-logs@0.57.2 from lock file
353 error Missing: @types/shimmer@1.2.0 from lock file
353 error Missing: require-in-the-middle@7.5.2 from lock file
353 error Missing: shimmer@1.2.1 from lock file
353 error Missing: @types/connect@3.4.36 from lock file
353 error Missing: @opentelemetry/instrumentation@0.57.1 from lock file
353 error Missing: @opentelemetry/semantic-conventions@1.28.0 from lock file
353 error Missing: forwarded-parse@2.1.2 from lock file
353 error Missing: @opentelemetry/redis-common@0.36.2 from lock file
353 error Missing: @types/mysql@2.15.26 from lock file
353 error Missing: @opentelemetry/sql-common@0.40.1 from lock file
353 error Missing: @opentelemetry/semantic-conventions@1.27.0 from lock file
353 error Missing: @types/pg@8.6.1 from lock file
353 error Missing: @types/pg-pool@2.0.6 from lock file
353 error Missing: @types/tedious@4.0.14 from lock file
353 error Missing: @opentelemetry/semantic-conventions@1.28.0 from lock file
353 error Missing: @opentelemetry/semantic-conventions@1.28.0 from lock file
353 error Missing: @opentelemetry/instrumentation@0.53.0 from lock file
353 error Missing: acorn-import-attributes@1.9.5 from lock file
353 error Missing: cjs-module-lexer@1.4.3 from lock file
353 error Missing: module-details-from-path@1.0.4 from lock file
353 error Missing: @opentelemetry/api-logs@0.57.1 from lock file
353 error Missing: @opentelemetry/api-logs@0.53.0 from lock file
353 error
353 error Clean install a project
353 error
353 error Usage:
353 error npm ci
353 error
353 error Options:
353 error [--install-strategy <hoisted|nested|shallow|linked>] [--legacy-bundling]
353 error [--global-style] [--omit <dev|optional|peer> [--omit <dev|optional|peer> ...]]
353 error [--include <prod|dev|optional|peer> [--include <prod|dev|optional|peer> ...]]
353 error [--strict-peer-deps] [--foreground-scripts] [--ignore-scripts]
353 error [--allow-git <all|none|root>] [--no-audit] [--no-bin-links] [--no-fund]
353 error [--dry-run]
353 error [-w|--workspace <workspace-name> [-w|--workspace <workspace-name> ...]]
353 error [--workspaces] [--include-workspace-root] [--install-links]
353 error
353 error   --install-strategy
353 error     Sets the strategy for installing packages in node_modules.
353 error
353 error   --legacy-bundling
353 error     Instead of hoisting package installs in `node_modules`, install packages
353 error
353 error   --global-style
353 error     Only install direct dependencies in the top level `node_modules`,
353 error
353 error   --omit
353 error     Dependency types to omit from the installation tree on disk.
353 error
353 error   --include
353 error     Option that allows for defining which types of dependencies to install.
353 error
353 error   --strict-peer-deps
353 error     If set to `true`, and `--legacy-peer-deps` is not set, then _any_
353 error
353 error   --foreground-scripts
353 error     Run all build scripts (ie, `preinstall`, `install`, and
353 error
353 error   --ignore-scripts
353 error     If true, npm does not run scripts specified in package.json files.
353 error
353 error   --allow-git
353 error     Limits the ability for npm to fetch dependencies from git references.
353 error
353 error   --audit
353 error     When "true" submit audit reports alongside the current npm command to the
353 error
353 error   --bin-links
353 error     Tells npm to create symlinks (or `.cmd` shims on Windows) for package
353 error
353 error   --fund
353 error     When "true" displays the message at the end of each `npm install`
353 error
353 error   --dry-run
353 error     Indicates that you don't want npm to make any changes and that it should
353 error
353 error   -w|--workspace
353 error     Enable running a command in the context of the configured workspaces of the
353 error
353 error   --workspaces
353 error     Set to true to run the command in the context of **all** configured
353 error
353 error   --include-workspace-root
353 error     Include the workspace root when workspaces are enabled for a command.
353 error
353 error   --install-links
353 error     When set file: protocol dependencies will be packed and installed as
353 error
353 error
353 error aliases: clean-install, ic, install-clean, isntall-clean
353 error
353 error Run "npm help ci" for more info
354 verbose cwd C:\Users\Henrik Madsen\.paperclip\instances\default\workspaces\***\calculator-thailand
355 verbose os Windows_NT 10.0.26200
356 verbose node v24.14.1
357 verbose npm  v11.11.0
358 notice
358 notice New minor version of npm available! 11.11.0 -> 11.13.0
358 notice Changelog: https://github.com/npm/cli/releases/tag/v11.13.0
358 notice To update run: npm install -g npm@11.13.0
358 notice  { force: true, Symbol(proc-log.meta): true }
359 verbose exit 1
360 verbose code 1
361 error A complete log of this run can be found in: C:\Users\Henrik Madsen\.paperclip\instances\default\workspaces\***\calculator-thailand\.npm-cache\_logs\2026-04-28T05_08_07_674Z-debug-0.log
